{"meta": {"format": 3, "version": "7.13.1", "timestamp": "2026-01-08T19:51:38.866223", "branch_coverage": false, "show_contexts": false}, "files": {"config.py": {"executed_lines": [6, 7, 14, 109, 118, 120, 121, 122, 125, 126, 129, 130, 131, 132, 133, 136, 140, 141, 142, 143, 146, 147, 150, 163, 164, 166, 167, 168, 171, 172, 173, 176, 177, 178, 181, 182, 185, 192, 218, 219, 220, 223, 225, 226, 244, 260, 268], "summary": {"covered_lines": 47, "num_statements": 59, "percent_covered": 79.66101694915254, "percent_covered_display": "80", "missing_lines": 12, "excluded_lines": 0, "percent_statements_covered": 79.66101694915254, "percent_statements_covered_display": "80"}, "missing_lines": [228, 229, 230, 234, 235, 236, 270, 271, 274, 275, 276, 279], "excluded_lines": [], "functions": {"VPNConfig.check_vpn_needed": {"executed_lines": [], "summary": {"covered_lines": 0, "num_statements": 6, "percent_covered": 0.0, "percent_covered_display": "0", "missing_lines": 6, "excluded_lines": 0, "percent_statements_covered": 0.0, "percent_statements_covered_display": "0"}, "missing_lines": [228, 229, 230, 234, 235, 236], "excluded_lines": [], "start_line": 226}, "is_crypto_15m_market": {"executed_lines": [], "summary": {"covered_lines": 0, "num_statements": 6, "percent_covered": 0.0, "percent_covered_display": "0", "missing_lines": 6, "excluded_lines": 0, "percent_statements_covered": 0.0, "percent_statements_covered_display": "0"}, "missing_lines": [270, 271, 274, 275, 276, 279], "excluded_lines": [], "start_line": 268}, "": {"executed_lines": [6, 7, 14, 109, 118, 120, 121, 122, 125, 126, 129, 130, 131, 132, 133, 136, 140, 141, 142, 143, 146, 147, 150, 163, 164, 166, 167, 168, 171, 172, 173, 176, 177, 178, 181, 182, 185, 192, 218, 219, 220, 223, 225, 226, 244, 260, 268], "summary": {"covered_lines": 47, "num_statements": 47, "percent_covered": 100.0, "percent_covered_display": "100", "missing_lines": 0, "excluded_lines": 0, "percent_statements_covered": 100.0, "percent_statements_covered_display": "100"}, "missing_lines": [], "excluded_lines": [], "start_line": 1}}, "classes": {"PolymarketAPI": {"executed_lines": [], "summary": {"covered_lines": 0, "num_statements": 0, "percent_covered": 100.0, "percent_covered_display": "100", "missing_lines": 0, "excluded_lines": 0, "percent_statements_covered": 100.0, "percent_statements_covered_display": "100"}, "missing_lines": [], "excluded_lines": [], "start_line": 118}, "CryptoExchangeAPI": {"executed_lines": [], "summary": {"covered_lines": 0, "num_statements": 0, "percent_covered": 100.0, "percent_covered_display": "100", "missing_lines": 0, "excluded_lines": 0, "percent_statements_covered": 100.0, "percent_statements_covered_display": "100"}, "missing_lines": [], "excluded_lines": [], "start_line": 136}, "TradingConfig": {"executed_lines": [], "summary": {"covered_lines": 0, "num_statements": 0, "percent_covered": 100.0, "percent_covered_display": "100", "missing_lines": 0, "excluded_lines": 0, "percent_statements_covered": 100.0, "percent_statements_covered_display": "100"}, "missing_lines": [], "excluded_lines": [], "start_line": 164}, "VPNConfig": {"executed_lines": [], "summary": {"covered_lines": 0, "num_statements": 6, "percent_covered": 0.0, "percent_covered_display": "0", "missing_lines": 6, "excluded_lines": 0, "percent_statements_covered": 0.0, "percent_statements_covered_display": "0"}, "missing_lines": [228, 229, 230, 234, 235, 236], "excluded_lines": [], "start_line": 192}, "": {"executed_lines": [6, 7, 14, 109, 118, 120, 121, 122, 125, 126, 129, 130, 131, 132, 133, 136, 140, 141, 142, 143, 146, 147, 150, 163, 164, 166, 167, 168, 171, 172, 173, 176, 177, 178, 181, 182, 185, 192, 218, 219, 220, 223, 225, 226, 244, 260, 268], "summary": {"covered_lines": 47, "num_statements": 53, "percent_covered": 88.67924528301887, "percent_covered_display": "89", "missing_lines": 6, "excluded_lines": 0, "percent_statements_covered": 88.67924528301887, "percent_statements_covered_display": "89"}, "missing_lines": [270, 271, 274, 275, 276, 279], "excluded_lines": [], "start_line": 1}}}, "data_feeds.py": {"executed_lines": [6, 7, 8, 9, 10, 11, 12, 13, 14, 15, 16, 18, 24, 36, 37, 39, 40, 41, 42, 43, 44, 46, 57, 58, 60, 61, 62, 63, 64, 67, 68, 70, 71, 74, 75, 77, 78, 79, 80, 82, 83, 88, 89, 94, 95, 105, 106, 108, 109, 110, 111, 112, 113, 114, 117, 118, 119, 120, 121, 122, 124, 125, 139, 140, 151, 152, 154, 155, 156, 157, 158, 159, 160, 161, 162, 163, 164, 166, 167, 170, 191, 197, 212, 225, 271, 283, 298, 324, 340, 350, 355, 366, 372, 387, 396, 406, 450, 469, 473, 482, 488, 492, 546, 562, 589, 628, 669, 695, 701, 702, 708, 709, 710, 713, 714, 731, 732, 734, 735, 736, 737, 738, 739, 740, 741, 742, 743, 744, 745, 747, 764, 765, 767, 768, 769, 770, 771, 772, 773, 774, 775, 777, 778, 781, 796, 807, 809, 820, 825, 843, 894, 973, 1025, 1046, 1050, 1057, 1089], "summary": {"covered_lines": 157, "num_statements": 560, "percent_covered": 28.035714285714285, "percent_covered_display": "28", "missing_lines": 403, "excluded_lines": 0, "percent_statements_covered": 28.035714285714285, "percent_statements_covered_display": "28"}, "missing_lines": [47, 84, 85, 86, 90, 91, 92, 97, 98, 99, 100, 101, 102, 127, 133, 134, 135, 136, 137, 142, 148, 168, 171, 198, 199, 200, 203, 204, 205, 208, 209, 210, 214, 215, 216, 221, 223, 227, 228, 229, 230, 231, 233, 234, 235, 241, 242, 243, 244, 245, 247, 248, 249, 250, 251, 253, 254, 255, 256, 257, 258, 259, 260, 261, 263, 265, 266, 267, 268, 269, 273, 274, 276, 277, 278, 279, 280, 281, 285, 286, 293, 295, 296, 300, 301, 303, 313, 314, 316, 318, 319, 321, 322, 327, 329, 335, 337, 338, 342, 343, 345, 346, 348, 352, 353, 357, 358, 359, 373, 374, 375, 378, 381, 389, 391, 392, 393, 394, 398, 399, 400, 401, 402, 404, 408, 409, 410, 413, 420, 421, 422, 424, 425, 427, 428, 431, 432, 435, 436, 437, 439, 440, 443, 444, 446, 447, 448, 452, 453, 466, 467, 471, 475, 489, 490, 494, 497, 500, 501, 502, 503, 505, 508, 509, 512, 513, 514, 515, 516, 517, 518, 519, 525, 526, 527, 529, 543, 544, 548, 549, 550, 552, 553, 555, 556, 557, 558, 560, 564, 565, 566, 568, 569, 570, 572, 573, 574, 575, 576, 578, 579, 581, 582, 584, 585, 586, 587, 591, 592, 593, 595, 596, 597, 599, 600, 601, 602, 603, 604, 606, 607, 609, 610, 611, 612, 614, 615, 616, 618, 619, 621, 622, 623, 625, 626, 630, 631, 632, 635, 636, 637, 638, 639, 640, 641, 643, 644, 646, 649, 650, 652, 653, 656, 657, 658, 659, 662, 663, 664, 665, 666, 667, 671, 672, 673, 674, 688, 711, 748, 779, 782, 810, 811, 812, 813, 814, 817, 818, 822, 823, 827, 829, 830, 831, 833, 836, 838, 839, 841, 850, 853, 855, 856, 857, 858, 860, 861, 862, 863, 866, 874, 875, 876, 878, 879, 881, 882, 883, 884, 886, 887, 888, 891, 892, 903, 904, 905, 906, 909, 910, 911, 913, 916, 917, 920, 921, 924, 925, 928, 929, 930, 931, 932, 933, 934, 937, 938, 939, 940, 941, 942, 943, 944, 945, 947, 963, 964, 965, 967, 968, 970, 971, 975, 976, 977, 979, 981, 982, 988, 995, 996, 997, 999, 1000, 1002, 1003, 1006, 1007, 1010, 1011, 1012, 1014, 1015, 1018, 1019, 1021, 1022, 1023, 1027, 1028, 1030, 1032, 1043, 1044, 1048, 1052, 1053, 1054, 1055, 1059, 1060, 1063, 1064, 1065, 1068, 1069, 1071, 1073, 1075, 1077, 1080, 1082, 1091], "excluded_lines": [], "functions": {"OHLCV.to_dict": {"executed_lines": [], "summary": {"covered_lines": 0, "num_statements": 1, "percent_covered": 0.0, "percent_covered_display": "0", "missing_lines": 1, "excluded_lines": 0, "percent_statements_covered": 0.0, "percent_statements_covered_display": "0"}, "missing_lines": [47], "excluded_lines": [], "start_line": 46}, "OrderBook.spread": {"executed_lines": [], "summary": {"covered_lines": 0, "num_statements": 3, "percent_covered": 0.0, "percent_covered_display": "0", "missing_lines": 3, "excluded_lines": 0, "percent_statements_covered": 0.0, "percent_statements_covered_display": "0"}, "missing_lines": [84, 85, 86], "excluded_lines": [], "start_line": 83}, "OrderBook.mid_price": {"executed_lines": [], "summary": {"covered_lines": 0, "num_statements": 3, "percent_covered": 0.0, "percent_covered_display": "0", "missing_lines": 3, "excluded_lines": 0, "percent_statements_covered": 0.0, "percent_statements_covered_display": "0"}, "missing_lines": [90, 91, 92], "excluded_lines": [], "start_line": 89}, "OrderBook.imbalance": {"executed_lines": [], "summary": {"covered_lines": 0, "num_statements": 6, "percent_covered": 0.0, "percent_covered_display": "0", "missing_lines": 6, "excluded_lines": 0, "percent_statements_covered": 0.0, "percent_statements_covered_display": "0"}, "missing_lines": [97, 98, 99, 100, 101, 102], "excluded_lines": [], "start_line": 95}, "MomentumSignal.direction": {"executed_lines": [], "summary": {"covered_lines": 0, "num_statements": 6, "percent_covered": 0.0, "percent_covered_display": "0", "missing_lines": 6, "excluded_lines": 0, "percent_statements_covered": 0.0, "percent_statements_covered_display": "0"}, "missing_lines": [127, 133, 134, 135, 136, 137], "excluded_lines": [], "start_line": 125}, "MomentumSignal.confidence": {"executed_lines": [], "summary": {"covered_lines": 0, "num_statements": 2, "percent_covered": 0.0, "percent_covered_display": "0", "missing_lines": 2, "excluded_lines": 0, "percent_statements_covered": 0.0, "percent_statements_covered_display": "0"}, "missing_lines": [142, 148], "excluded_lines": [], "start_line": 140}, "WhaleTrade.usd_value": {"executed_lines": [], "summary": {"covered_lines": 0, "num_statements": 1, "percent_covered": 0.0, "percent_covered_display": "0", "missing_lines": 1, "excluded_lines": 0, "percent_statements_covered": 0.0, "percent_statements_covered_display": "0"}, "missing_lines": [168], "excluded_lines": [], "start_line": 167}, "WhaleTrade.to_dict": {"executed_lines": [], "summary": {"covered_lines": 0, "num_statements": 1, "percent_covered": 0.0, "percent_covered_display": "0", "missing_lines": 1, "excluded_lines": 0, "percent_statements_covered": 0.0, "percent_statements_covered_display": "0"}, "missing_lines": [171], "excluded_lines": [], "start_line": 170}, "BinanceFeed.__init__": {"executed_lines": [], "summary": {"covered_lines": 0, "num_statements": 9, "percent_covered": 0.0, "percent_covered_display": "0", "missing_lines": 9, "excluded_lines": 0, "percent_statements_covered": 0.0, "percent_statements_covered_display": "0"}, "missing_lines": [198, 199, 200, 203, 204, 205, 208, 209, 210], "excluded_lines": [], "start_line": 197}, "BinanceFeed._build_stream_url": {"executed_lines": [], "summary": {"covered_lines": 0, "num_statements": 5, "percent_covered": 0.0, "percent_covered_display": "0", "missing_lines": 5, "excluded_lines": 0, "percent_statements_covered": 0.0, "percent_statements_covered_display": "0"}, "missing_lines": [214, 215, 216, 221, 223], "excluded_lines": [], "start_line": 212}, "BinanceFeed.connect": {"executed_lines": [], "summary": {"covered_lines": 0, "num_statements": 33, "percent_covered": 0.0, "percent_covered_display": "0", "missing_lines": 33, "excluded_lines": 0, "percent_statements_covered": 0.0, "percent_statements_covered_display": "0"}, "missing_lines": [227, 228, 229, 230, 231, 233, 234, 235, 241, 242, 243, 244, 245, 247, 248, 249, 250, 251, 253, 254, 255, 256, 257, 258, 259, 260, 261, 263, 265, 266, 267, 268, 269], "excluded_lines": [], "start_line": 225}, "BinanceFeed._handle_message": {"executed_lines": [], "summary": {"covered_lines": 0, "num_statements": 8, "percent_covered": 0.0, "percent_covered_display": "0", "missing_lines": 8, "excluded_lines": 0, "percent_statements_covered": 0.0, "percent_statements_covered_display": "0"}, "missing_lines": [273, 274, 276, 277, 278, 279, 280, 281], "excluded_lines": [], "start_line": 271}, "BinanceFeed._handle_trade": {"executed_lines": [], "summary": {"covered_lines": 0, "num_statements": 5, "percent_covered": 0.0, "percent_covered_display": "0", "missing_lines": 5, "excluded_lines": 0, "percent_statements_covered": 0.0, "percent_statements_covered_display": "0"}, "missing_lines": [285, 286, 293, 295, 296], "excluded_lines": [], "start_line": 283}, "BinanceFeed._handle_kline": {"executed_lines": [], "summary": {"covered_lines": 0, "num_statements": 10, "percent_covered": 0.0, "percent_covered_display": "0", "missing_lines": 10, "excluded_lines": 0, "percent_statements_covered": 0.0, "percent_statements_covered_display": "0"}, "missing_lines": [300, 301, 303, 313, 314, 316, 318, 319, 321, 322], "excluded_lines": [], "start_line": 298}, "BinanceFeed._handle_depth": {"executed_lines": [], "summary": {"covered_lines": 0, "num_statements": 5, "percent_covered": 0.0, "percent_covered_display": "0", "missing_lines": 5, "excluded_lines": 0, "percent_statements_covered": 0.0, "percent_statements_covered_display": "0"}, "missing_lines": [327, 329, 335, 337, 338], "excluded_lines": [], "start_line": 324}, "BinanceFeed.get_volume_delta": {"executed_lines": [], "summary": {"covered_lines": 0, "num_statements": 5, "percent_covered": 0.0, "percent_covered_display": "0", "missing_lines": 5, "excluded_lines": 0, "percent_statements_covered": 0.0, "percent_statements_covered_display": "0"}, "missing_lines": [342, 343, 345, 346, 348], "excluded_lines": [], "start_line": 340}, "BinanceFeed.get_recent_candles": {"executed_lines": [], "summary": {"covered_lines": 0, "num_statements": 2, "percent_covered": 0.0, "percent_covered_display": "0", "missing_lines": 2, "excluded_lines": 0, "percent_statements_covered": 0.0, "percent_statements_covered_display": "0"}, "missing_lines": [352, 353], "excluded_lines": [], "start_line": 350}, "BinanceFeed.stop": {"executed_lines": [], "summary": {"covered_lines": 0, "num_statements": 3, "percent_covered": 0.0, "percent_covered_display": "0", "missing_lines": 3, "excluded_lines": 0, "percent_statements_covered": 0.0, "percent_statements_covered_display": "0"}, "missing_lines": [357, 358, 359], "excluded_lines": [], "start_line": 355}, "WhaleTracker.__init__": {"executed_lines": [], "summary": {"covered_lines": 0, "num_statements": 5, "percent_covered": 0.0, "percent_covered_display": "0", "missing_lines": 5, "excluded_lines": 0, "percent_statements_covered": 0.0, "percent_statements_covered_display": "0"}, "missing_lines": [373, 374, 375, 378, 381], "excluded_lines": [], "start_line": 372}, "WhaleTracker.start": {"executed_lines": [], "summary": {"covered_lines": 0, "num_statements": 5, "percent_covered": 0.0, "percent_covered_display": "0", "missing_lines": 5, "excluded_lines": 0, "percent_statements_covered": 0.0, "percent_statements_covered_display": "0"}, "missing_lines": [389, 391, 392, 393, 394], "excluded_lines": [], "start_line": 387}, "WhaleTracker._poll_all_whales": {"executed_lines": [], "summary": {"covered_lines": 0, "num_statements": 6, "percent_covered": 0.0, "percent_covered_display": "0", "missing_lines": 6, "excluded_lines": 0, "percent_statements_covered": 0.0, "percent_statements_covered_display": "0"}, "missing_lines": [398, 399, 400, 401, 402, 404], "excluded_lines": [], "start_line": 396}, "WhaleTracker._poll_wallet": {"executed_lines": [], "summary": {"covered_lines": 0, "num_statements": 23, "percent_covered": 0.0, "percent_covered_display": "0", "missing_lines": 23, "excluded_lines": 0, "percent_statements_covered": 0.0, "percent_statements_covered_display": "0"}, "missing_lines": [408, 409, 410, 413, 420, 421, 422, 424, 425, 427, 428, 431, 432, 435, 436, 437, 439, 440, 443, 444, 446, 447, 448], "excluded_lines": [], "start_line": 406}, "WhaleTracker._parse_trade": {"executed_lines": [], "summary": {"covered_lines": 0, "num_statements": 4, "percent_covered": 0.0, "percent_covered_display": "0", "missing_lines": 4, "excluded_lines": 0, "percent_statements_covered": 0.0, "percent_statements_covered_display": "0"}, "missing_lines": [452, 453, 466, 467], "excluded_lines": [], "start_line": 450}, "WhaleTracker.get_recent_trades": {"executed_lines": [], "summary": {"covered_lines": 0, "num_statements": 1, "percent_covered": 0.0, "percent_covered_display": "0", "missing_lines": 1, "excluded_lines": 0, "percent_statements_covered": 0.0, "percent_statements_covered_display": "0"}, "missing_lines": [471], "excluded_lines": [], "start_line": 469}, "WhaleTracker.stop": {"executed_lines": [], "summary": {"covered_lines": 0, "num_statements": 1, "percent_covered": 0.0, "percent_covered_display": "0", "missing_lines": 1, "excluded_lines": 0, "percent_statements_covered": 0.0, "percent_statements_covered_display": "0"}, "missing_lines": [475], "excluded_lines": [], "start_line": 473}, "MomentumCalculator.__init__": {"executed_lines": [], "summary": {"covered_lines": 0, "num_statements": 2, "percent_covered": 0.0, "percent_covered_display": "0", "missing_lines": 2, "excluded_lines": 0, "percent_statements_covered": 0.0, "percent_statements_covered_display": "0"}, "missing_lines": [489, 490], "excluded_lines": [], "start_line": 488}, "MomentumCalculator.calculate": {"executed_lines": [], "summary": {"covered_lines": 0, "num_statements": 23, "percent_covered": 0.0, "percent_covered_display": "0", "missing_lines": 23, "excluded_lines": 0, "percent_statements_covered": 0.0, "percent_statements_covered_display": "0"}, "missing_lines": [494, 497, 500, 501, 502, 503, 505, 508, 509, 512, 513, 514, 515, 516, 517, 518, 519, 525, 526, 527, 529, 543, 544], "excluded_lines": [], "start_line": 492}, "MomentumCalculator.calculate_vwap": {"executed_lines": [], "summary": {"covered_lines": 0, "num_statements": 10, "percent_covered": 0.0, "percent_covered_display": "0", "missing_lines": 10, "excluded_lines": 0, "percent_statements_covered": 0.0, "percent_statements_covered_display": "0"}, "missing_lines": [548, 549, 550, 552, 553, 555, 556, 557, 558, 560], "excluded_lines": [], "start_line": 546}, "MomentumCalculator.calculate_rsi": {"executed_lines": [], "summary": {"covered_lines": 0, "num_statements": 19, "percent_covered": 0.0, "percent_covered_display": "0", "missing_lines": 19, "excluded_lines": 0, "percent_statements_covered": 0.0, "percent_statements_covered_display": "0"}, "missing_lines": [564, 565, 566, 568, 569, 570, 572, 573, 574, 575, 576, 578, 579, 581, 582, 584, 585, 586, 587], "excluded_lines": [], "start_line": 562}, "MomentumCalculator.calculate_adx": {"executed_lines": [], "summary": {"covered_lines": 0, "num_statements": 28, "percent_covered": 0.0, "percent_covered_display": "0", "missing_lines": 28, "excluded_lines": 0, "percent_statements_covered": 0.0, "percent_statements_covered_display": "0"}, "missing_lines": [591, 592, 593, 595, 596, 597, 599, 600, 601, 602, 603, 604, 606, 607, 609, 610, 611, 612, 614, 615, 616, 618, 619, 621, 622, 623, 625, 626], "excluded_lines": [], "start_line": 589}, "MomentumCalculator.calculate_supertrend": {"executed_lines": [], "summary": {"covered_lines": 0, "num_statements": 27, "percent_covered": 0.0, "percent_covered_display": "0", "missing_lines": 27, "excluded_lines": 0, "percent_statements_covered": 0.0, "percent_statements_covered_display": "0"}, "missing_lines": [630, 631, 632, 635, 636, 637, 638, 639, 640, 641, 643, 644, 646, 649, 650, 652, 653, 656, 657, 658, 659, 662, 663, 664, 665, 666, 667], "excluded_lines": [], "start_line": 628}, "MomentumCalculator.get_all_signals": {"executed_lines": [], "summary": {"covered_lines": 0, "num_statements": 5, "percent_covered": 0.0, "percent_covered_display": "0", "missing_lines": 5, "excluded_lines": 0, "percent_statements_covered": 0.0, "percent_statements_covered_display": "0"}, "missing_lines": [671, 672, 673, 674, 688], "excluded_lines": [], "start_line": 669}, "fetch_historical_candles": {"executed_lines": [701, 702, 708, 709, 710, 713, 714], "summary": {"covered_lines": 7, "num_statements": 8, "percent_covered": 87.5, "percent_covered_display": "88", "missing_lines": 1, "excluded_lines": 0, "percent_statements_covered": 87.5, "percent_statements_covered_display": "88"}, "missing_lines": [711], "excluded_lines": [], "start_line": 695}, "Market15Min.to_dict": {"executed_lines": [], "summary": {"covered_lines": 0, "num_statements": 1, "percent_covered": 0.0, "percent_covered_display": "0", "missing_lines": 1, "excluded_lines": 0, "percent_statements_covered": 0.0, "percent_statements_covered_display": "0"}, "missing_lines": [748], "excluded_lines": [], "start_line": 747}, "MarketTrade.usd_value": {"executed_lines": [], "summary": {"covered_lines": 0, "num_statements": 1, "percent_covered": 0.0, "percent_covered_display": "0", "missing_lines": 1, "excluded_lines": 0, "percent_statements_covered": 0.0, "percent_statements_covered_display": "0"}, "missing_lines": [779], "excluded_lines": [], "start_line": 778}, "MarketTrade.to_dict": {"executed_lines": [], "summary": {"covered_lines": 0, "num_statements": 1, "percent_covered": 0.0, "percent_covered_display": "0", "missing_lines": 1, "excluded_lines": 0, "percent_statements_covered": 0.0, "percent_statements_covered_display": "0"}, "missing_lines": [782], "excluded_lines": [], "start_line": 781}, "Polymarket15MinFeed.__init__": {"executed_lines": [], "summary": {"covered_lines": 0, "num_statements": 7, "percent_covered": 0.0, "percent_covered_display": "0", "missing_lines": 7, "excluded_lines": 0, "percent_statements_covered": 0.0, "percent_statements_covered_display": "0"}, "missing_lines": [810, 811, 812, 813, 814, 817, 818], "excluded_lines": [], "start_line": 809}, "Polymarket15MinFeed._get_current_window": {"executed_lines": [], "summary": {"covered_lines": 0, "num_statements": 2, "percent_covered": 0.0, "percent_covered_display": "0", "missing_lines": 2, "excluded_lines": 0, "percent_statements_covered": 0.0, "percent_statements_covered_display": "0"}, "missing_lines": [822, 823], "excluded_lines": [], "start_line": 820}, "Polymarket15MinFeed.start": {"executed_lines": [], "summary": {"covered_lines": 0, "num_statements": 9, "percent_covered": 0.0, "percent_covered_display": "0", "missing_lines": 9, "excluded_lines": 0, "percent_statements_covered": 0.0, "percent_statements_covered_display": "0"}, "missing_lines": [827, 829, 830, 831, 833, 836, 838, 839, 841], "excluded_lines": [], "start_line": 825}, "Polymarket15MinFeed._fetch_active_markets": {"executed_lines": [], "summary": {"covered_lines": 0, "num_statements": 25, "percent_covered": 0.0, "percent_covered_display": "0", "missing_lines": 25, "excluded_lines": 0, "percent_statements_covered": 0.0, "percent_statements_covered_display": "0"}, "missing_lines": [850, 853, 855, 856, 857, 858, 860, 861, 862, 863, 866, 874, 875, 876, 878, 879, 881, 882, 883, 884, 886, 887, 888, 891, 892], "excluded_lines": [], "start_line": 843}, "Polymarket15MinFeed._parse_market": {"executed_lines": [], "summary": {"covered_lines": 0, "num_statements": 38, "percent_covered": 0.0, "percent_covered_display": "0", "missing_lines": 38, "excluded_lines": 0, "percent_statements_covered": 0.0, "percent_statements_covered_display": "0"}, "missing_lines": [903, 904, 905, 906, 909, 910, 911, 913, 916, 917, 920, 921, 924, 925, 928, 929, 930, 931, 932, 933, 934, 937, 938, 939, 940, 941, 942, 943, 944, 945, 947, 963, 964, 965, 967, 968, 970, 971], "excluded_lines": [], "start_line": 894}, "Polymarket15MinFeed._fetch_market_trades": {"executed_lines": [], "summary": {"covered_lines": 0, "num_statements": 26, "percent_covered": 0.0, "percent_covered_display": "0", "missing_lines": 26, "excluded_lines": 0, "percent_statements_covered": 0.0, "percent_statements_covered_display": "0"}, "missing_lines": [975, 976, 977, 979, 981, 982, 988, 995, 996, 997, 999, 1000, 1002, 1003, 1006, 1007, 1010, 1011, 1012, 1014, 1015, 1018, 1019, 1021, 1022, 1023], "excluded_lines": [], "start_line": 973}, "Polymarket15MinFeed._parse_trade": {"executed_lines": [], "summary": {"covered_lines": 0, "num_statements": 6, "percent_covered": 0.0, "percent_covered_display": "0", "missing_lines": 6, "excluded_lines": 0, "percent_statements_covered": 0.0, "percent_statements_covered_display": "0"}, "missing_lines": [1027, 1028, 1030, 1032, 1043, 1044], "excluded_lines": [], "start_line": 1025}, "Polymarket15MinFeed.get_active_markets": {"executed_lines": [], "summary": {"covered_lines": 0, "num_statements": 1, "percent_covered": 0.0, "percent_covered_display": "0", "missing_lines": 1, "excluded_lines": 0, "percent_statements_covered": 0.0, "percent_statements_covered_display": "0"}, "missing_lines": [1048], "excluded_lines": [], "start_line": 1046}, "Polymarket15MinFeed.get_recent_trades": {"executed_lines": [], "summary": {"covered_lines": 0, "num_statements": 4, "percent_covered": 0.0, "percent_covered_display": "0", "missing_lines": 4, "excluded_lines": 0, "percent_statements_covered": 0.0, "percent_statements_covered_display": "0"}, "missing_lines": [1052, 1053, 1054, 1055], "excluded_lines": [], "start_line": 1050}, "Polymarket15MinFeed.get_next_market_time": {"executed_lines": [], "summary": {"covered_lines": 0, "num_statements": 13, "percent_covered": 0.0, "percent_covered_display": "0", "missing_lines": 13, "excluded_lines": 0, "percent_statements_covered": 0.0, "percent_statements_covered_display": "0"}, "missing_lines": [1059, 1060, 1063, 1064, 1065, 1068, 1069, 1071, 1073, 1075, 1077, 1080, 1082], "excluded_lines": [], "start_line": 1057}, "Polymarket15MinFeed.stop": {"executed_lines": [], "summary": {"covered_lines": 0, "num_statements": 1, "percent_covered": 0.0, "percent_covered_display": "0", "missing_lines": 1, "excluded_lines": 0, "percent_statements_covered": 0.0, "percent_statements_covered_display": "0"}, "missing_lines": [1091], "excluded_lines": [], "start_line": 1089}, "": {"executed_lines": [6, 7, 8, 9, 10, 11, 12, 13, 14, 15, 16, 18, 24, 36, 37, 39, 40, 41, 42, 43, 44, 46, 57, 58, 60, 61, 62, 63, 64, 67, 68, 70, 71, 74, 75, 77, 78, 79, 80, 82, 83, 88, 89, 94, 95, 105, 106, 108, 109, 110, 111, 112, 113, 114, 117, 118, 119, 120, 121, 122, 124, 125, 139, 140, 151, 152, 154, 155, 156, 157, 158, 159, 160, 161, 162, 163, 164, 166, 167, 170, 191, 197, 212, 225, 271, 283, 298, 324, 340, 350, 355, 366, 372, 387, 396, 406, 450, 469, 473, 482, 488, 492, 546, 562, 589, 628, 669, 695, 731, 732, 734, 735, 736, 737, 738, 739, 740, 741, 742, 743, 744, 745, 747, 764, 765, 767, 768, 769, 770, 771, 772, 773, 774, 775, 777, 778, 781, 796, 807, 809, 820, 825, 843, 894, 973, 1025, 1046, 1050, 1057, 1089], "summary": {"covered_lines": 150, "num_statements": 150, "percent_covered": 100.0, "percent_covered_display": "100", "missing_lines": 0, "excluded_lines": 0, "percent_statements_covered": 100.0, "percent_statements_covered_display": "100"}, "missing_lines": [], "excluded_lines": [], "start_line": 1}}, "classes": {"OHLCV": {"executed_lines": [], "summary": {"covered_lines": 0, "num_statements": 1, "percent_covered": 0.0, "percent_covered_display": "0", "missing_lines": 1, "excluded_lines": 0, "percent_statements_covered": 0.0, "percent_statements_covered_display": "0"}, "missing_lines": [47], "excluded_lines": [], "start_line": 37}, "Trade": {"executed_lines": [], "summary": {"covered_lines": 0, "num_statements": 0, "percent_covered": 100.0, "percent_covered_display": "100", "missing_lines": 0, "excluded_lines": 0, "percent_statements_covered": 100.0, "percent_statements_covered_display": "100"}, "missing_lines": [], "excluded_lines": [], "start_line": 58}, "OrderBookLevel": {"executed_lines": [], "summary": {"covered_lines": 0, "num_statements": 0, "percent_covered": 100.0, "percent_covered_display": "100", "missing_lines": 0, "excluded_lines": 0, "percent_statements_covered": 100.0, "percent_statements_covered_display": "100"}, "missing_lines": [], "excluded_lines": [], "start_line": 68}, "OrderBook": {"executed_lines": [], "summary": {"covered_lines": 0, "num_statements": 12, "percent_covered": 0.0, "percent_covered_display": "0", "missing_lines": 12, "excluded_lines": 0, "percent_statements_covered": 0.0, "percent_statements_covered_display": "0"}, "missing_lines": [84, 85, 86, 90, 91, 92, 97, 98, 99, 100, 101, 102], "excluded_lines": [], "start_line": 75}, "MomentumSignal": {"executed_lines": [], "summary": {"covered_lines": 0, "num_statements": 8, "percent_covered": 0.0, "percent_covered_display": "0", "missing_lines": 8, "excluded_lines": 0, "percent_statements_covered": 0.0, "percent_statements_covered_display": "0"}, "missing_lines": [127, 133, 134, 135, 136, 137, 142, 148], "excluded_lines": [], "start_line": 106}, "WhaleTrade": {"executed_lines": [], "summary": {"covered_lines": 0, "num_statements": 2, "percent_covered": 0.0, "percent_covered_display": "0", "missing_lines": 2, "excluded_lines": 0, "percent_statements_covered": 0.0, "percent_statements_covered_display": "0"}, "missing_lines": [168, 171], "excluded_lines": [], "start_line": 152}, "BinanceFeed": {"executed_lines": [], "summary": {"covered_lines": 0, "num_statements": 85, "percent_covered": 0.0, "percent_covered_display": "0", "missing_lines": 85, "excluded_lines": 0, "percent_statements_covered": 0.0, "percent_statements_covered_display": "0"}, "missing_lines": [198, 199, 200, 203, 204, 205, 208, 209, 210, 214, 215, 216, 221, 223, 227, 228, 229, 230, 231, 233, 234, 235, 241, 242, 243, 244, 245, 247, 248, 249, 250, 251, 253, 254, 255, 256, 257, 258, 259, 260, 261, 263, 265, 266, 267, 268, 269, 273, 274, 276, 277, 278, 279, 280, 281, 285, 286, 293, 295, 296, 300, 301, 303, 313, 314, 316, 318, 319, 321, 322, 327, 329, 335, 337, 338, 342, 343, 345, 346, 348, 352, 353, 357, 358, 359], "excluded_lines": [], "start_line": 191}, "WhaleTracker": {"executed_lines": [], "summary": {"covered_lines": 0, "num_statements": 45, "percent_covered": 0.0, "percent_covered_display": "0", "missing_lines": 45, "excluded_lines": 0, "percent_statements_covered": 0.0, "percent_statements_covered_display": "0"}, "missing_lines": [373, 374, 375, 378, 381, 389, 391, 392, 393, 394, 398, 399, 400, 401, 402, 404, 408, 409, 410, 413, 420, 421, 422, 424, 425, 427, 428, 431, 432, 435, 436, 437, 439, 440, 443, 444, 446, 447, 448, 452, 453, 466, 467, 471, 475], "excluded_lines": [], "start_line": 366}, "MomentumCalculator": {"executed_lines": [], "summary": {"covered_lines": 0, "num_statements": 114, "percent_covered": 0.0, "percent_covered_display": "0", "missing_lines": 114, "excluded_lines": 0, "percent_statements_covered": 0.0, "percent_statements_covered_display": "0"}, "missing_lines": [489, 490, 494, 497, 500, 501, 502, 503, 505, 508, 509, 512, 513, 514, 515, 516, 517, 518, 519, 525, 526, 527, 529, 543, 544, 548, 549, 550, 552, 553, 555, 556, 557, 558, 560, 564, 565, 566, 568, 569, 570, 572, 573, 574, 575, 576, 578, 579, 581, 582, 584, 585, 586, 587, 591, 592, 593, 595, 596, 597, 599, 600, 601, 602, 603, 604, 606, 607, 609, 610, 611, 612, 614, 615, 616, 618, 619, 621, 622, 623, 625, 626, 630, 631, 632, 635, 636, 637, 638, 639, 640, 641, 643, 644, 646, 649, 650, 652, 653, 656, 657, 658, 659, 662, 663, 664, 665, 666, 667, 671, 672, 673, 674, 688], "excluded_lines": [], "start_line": 482}, "Market15Min": {"executed_lines": [], "summary": {"covered_lines": 0, "num_statements": 1, "percent_covered": 0.0, "percent_covered_display": "0", "missing_lines": 1, "excluded_lines": 0, "percent_statements_covered": 0.0, "percent_statements_covered_display": "0"}, "missing_lines": [748], "excluded_lines": [], "start_line": 732}, "MarketTrade": {"executed_lines": [], "summary": {"covered_lines": 0, "num_statements": 2, "percent_covered": 0.0, "percent_covered_display": "0", "missing_lines": 2, "excluded_lines": 0, "percent_statements_covered": 0.0, "percent_statements_covered_display": "0"}, "missing_lines": [779, 782], "excluded_lines": [], "start_line": 765}, "Polymarket15MinFeed": {"executed_lines": [], "summary": {"covered_lines": 0, "num_statements": 132, "percent_covered": 0.0, "percent_covered_display": "0", "missing_lines": 132, "excluded_lines": 0, "percent_statements_covered": 0.0, "percent_statements_covered_display": "0"}, "missing_lines": [810, 811, 812, 813, 814, 817, 818, 822, 823, 827, 829, 830, 831, 833, 836, 838, 839, 841, 850, 853, 855, 856, 857, 858, 860, 861, 862, 863, 866, 874, 875, 876, 878, 879, 881, 882, 883, 884, 886, 887, 888, 891, 892, 903, 904, 905, 906, 909, 910, 911, 913, 916, 917, 920, 921, 924, 925, 928, 929, 930, 931, 932, 933, 934, 937, 938, 939, 940, 941, 942, 943, 944, 945, 947, 963, 964, 965, 967, 968, 970, 971, 975, 976, 977, 979, 981, 982, 988, 995, 996, 997, 999, 1000, 1002, 1003, 1006, 1007, 1010, 1011, 1012, 1014, 1015, 1018, 1019, 1021, 1022, 1023, 1027, 1028, 1030, 1032, 1043, 1044, 1048, 1052, 1053, 1054, 1055, 1059, 1060, 1063, 1064, 1065, 1068, 1069, 1071, 1073, 1075, 1077, 1080, 1082, 1091], "excluded_lines": [], "start_line": 796}, "": {"executed_lines": [6, 7, 8, 9, 10, 11, 12, 13, 14, 15, 16, 18, 24, 36, 37, 39, 40, 41, 42, 43, 44, 46, 57, 58, 60, 61, 62, 63, 64, 67, 68, 70, 71, 74, 75, 77, 78, 79, 80, 82, 83, 88, 89, 94, 95, 105, 106, 108, 109, 110, 111, 112, 113, 114, 117, 118, 119, 120, 121, 122, 124, 125, 139, 140, 151, 152, 154, 155, 156, 157, 158, 159, 160, 161, 162, 163, 164, 166, 167, 170, 191, 197, 212, 225, 271, 283, 298, 324, 340, 350, 355, 366, 372, 387, 396, 406, 450, 469, 473, 482, 488, 492, 546, 562, 589, 628, 669, 695, 701, 702, 708, 709, 710, 713, 714, 731, 732, 734, 735, 736, 737, 738, 739, 740, 741, 742, 743, 744, 745, 747, 764, 765, 767, 768, 769, 770, 771, 772, 773, 774, 775, 777, 778, 781, 796, 807, 809, 820, 825, 843, 894, 973, 1025, 1046, 1050, 1057, 1089], "summary": {"covered_lines": 157, "num_statements": 158, "percent_covered": 99.36708860759494, "percent_covered_display": "99", "missing_lines": 1, "excluded_lines": 0, "percent_statements_covered": 99.36708860759494, "percent_statements_covered_display": "99"}, "missing_lines": [711], "excluded_lines": [], "start_line": 1}}}, "live_trading.py": {"executed_lines": [15, 16, 17, 18, 19, 20, 21, 22, 23, 24, 30, 31, 32, 36, 37, 38, 46, 47, 48, 54, 55, 56, 57, 58, 61, 63, 65, 68, 74, 86, 88, 90, 91, 94, 97, 98, 103, 106, 107, 112, 113, 114, 118, 119, 120, 122, 125, 132, 134, 135, 138, 139, 143, 146, 147, 149, 152, 153, 154, 157, 158, 159, 162, 163, 164, 167, 168, 171, 172, 173, 176, 178, 179, 180, 181, 183, 184, 189, 190, 213, 214, 216, 217, 218, 219, 220, 221, 222, 223, 224, 225, 226, 227, 228, 229, 230, 231, 233, 234, 237, 238, 240, 241, 242, 243, 244, 245, 246, 247, 248, 250, 251, 258, 259, 261, 262, 263, 264, 265, 266, 267, 268, 269, 271, 276, 279, 280, 281, 282, 283, 284, 285, 288, 290, 291, 292, 294, 297, 298, 299, 302, 303, 304, 305, 306, 308, 309, 310, 311, 312, 314, 321, 322, 323, 329, 331, 332, 339, 352, 359, 360, 361, 364, 367, 370, 371, 375, 376, 377, 378, 381, 382, 385, 386, 387, 390, 392, 394, 451, 472, 496, 538, 543, 544, 545, 546, 548, 549, 552, 554, 556, 558, 559, 560, 562, 563, 565, 571, 591, 593, 594, 595, 597, 601, 602, 604, 605, 606, 609, 610, 611, 612, 615, 616, 623, 624, 625, 628, 634, 635, 636, 642, 648, 662, 669, 672, 673, 674, 675, 676, 694, 697, 698, 701, 704, 705, 707, 801, 820, 822, 833, 835, 837, 846, 848, 849, 857, 892, 923, 937, 938, 939, 940, 941, 943, 947, 948, 949, 952, 959, 960, 966, 967, 971, 977, 992, 995, 999, 1000, 1006, 1008, 1009, 1012, 1016, 1017, 1019, 1022, 1025, 1042, 1057, 1058, 1060, 1062, 1070, 1071, 1072, 1076, 1078, 1079, 1080, 1081, 1083, 1084, 1087, 1088, 1089, 1091, 1094, 1098, 1101, 1110, 1119, 1120, 1166, 1172, 1174, 1175, 1184, 1230, 1318, 1320, 1330, 1333, 1335, 1337, 1339, 1343, 1345, 1346, 1347, 1350, 1351, 1354, 1355, 1357, 1358, 1359, 1362, 1380], "summary": {"covered_lines": 329, "num_statements": 670, "percent_covered": 49.1044776119403, "percent_covered_display": "49", "missing_lines": 341, "excluded_lines": 2, "percent_statements_covered": 49.1044776119403, "percent_statements_covered_display": "49"}, "missing_lines": [39, 40, 41, 42, 43, 49, 50, 51, 185, 186, 187, 192, 315, 316, 317, 318, 324, 325, 326, 327, 372, 396, 397, 398, 400, 404, 406, 408, 410, 411, 412, 414, 415, 418, 419, 420, 421, 426, 433, 436, 438, 441, 442, 443, 444, 445, 447, 448, 449, 456, 457, 459, 460, 462, 463, 465, 467, 468, 470, 477, 478, 479, 481, 482, 484, 485, 486, 489, 490, 491, 492, 493, 494, 508, 509, 510, 512, 513, 514, 515, 516, 518, 519, 521, 522, 523, 527, 529, 530, 532, 598, 599, 618, 619, 620, 629, 630, 631, 638, 639, 678, 680, 681, 682, 683, 684, 685, 686, 687, 688, 689, 691, 702, 715, 716, 717, 718, 719, 721, 722, 723, 725, 726, 727, 728, 729, 730, 731, 732, 733, 734, 736, 739, 740, 741, 742, 743, 747, 749, 754, 757, 763, 766, 769, 770, 772, 773, 774, 776, 777, 778, 779, 782, 783, 784, 785, 787, 789, 791, 792, 793, 796, 797, 798, 799, 803, 804, 806, 808, 813, 814, 815, 816, 818, 840, 841, 843, 844, 851, 852, 853, 854, 855, 864, 865, 868, 869, 870, 871, 872, 874, 875, 877, 878, 880, 881, 882, 884, 885, 886, 887, 888, 889, 890, 899, 900, 902, 903, 906, 907, 908, 909, 910, 912, 913, 914, 915, 916, 917, 944, 968, 969, 978, 979, 980, 987, 988, 989, 996, 997, 1013, 1018, 1020, 1023, 1027, 1028, 1029, 1030, 1031, 1037, 1038, 1039, 1040, 1044, 1045, 1046, 1047, 1050, 1051, 1073, 1074, 1095, 1099, 1103, 1104, 1127, 1130, 1134, 1140, 1143, 1144, 1147, 1149, 1157, 1158, 1159, 1177, 1179, 1180, 1182, 1193, 1194, 1196, 1197, 1201, 1207, 1208, 1209, 1211, 1218, 1219, 1221, 1222, 1224, 1226, 1227, 1228, 1239, 1240, 1242, 1243, 1244, 1246, 1248, 1249, 1250, 1251, 1253, 1254, 1257, 1260, 1263, 1266, 1268, 1269, 1271, 1272, 1275, 1282, 1283, 1284, 1285, 1288, 1295, 1296, 1297, 1298, 1301, 1302, 1303, 1304, 1305, 1307, 1308, 1310, 1311, 1312, 1331, 1341, 1352, 1363, 1364, 1365, 1372, 1377, 1378, 1382, 1383, 1384, 1385, 1386], "excluded_lines": [26, 27], "functions": {"setup_logging": {"executed_lines": [88, 90, 91, 94, 97, 98, 103, 106, 107, 112, 113, 114, 118, 119, 120, 122], "summary": {"covered_lines": 16, "num_statements": 16, "percent_covered": 100.0, "percent_covered_display": "100", "missing_lines": 0, "excluded_lines": 0, "percent_statements_covered": 100.0, "percent_statements_covered_display": "100"}, "missing_lines": [], "excluded_lines": [], "start_line": 86}, "LiveTradingConfig.to_dict": {"executed_lines": [179, 180, 181], "summary": {"covered_lines": 3, "num_statements": 3, "percent_covered": 100.0, "percent_covered_display": "100", "missing_lines": 0, "excluded_lines": 0, "percent_statements_covered": 100.0, "percent_statements_covered_display": "100"}, "missing_lines": [], "excluded_lines": [], "start_line": 178}, "LiveTradingConfig.from_dict": {"executed_lines": [], "summary": {"covered_lines": 0, "num_statements": 3, "percent_covered": 0.0, "percent_covered_display": "0", "missing_lines": 3, "excluded_lines": 0, "percent_statements_covered": 0.0, "percent_statements_covered_display": "0"}, "missing_lines": [185, 186, 187], "excluded_lines": [], "start_line": 184}, "LiveTradingConfig.from_env": {"executed_lines": [], "summary": {"covered_lines": 0, "num_statements": 1, "percent_covered": 0.0, "percent_covered_display": "0", "missing_lines": 1, "excluded_lines": 0, "percent_statements_covered": 0.0, "percent_statements_covered_display": "0"}, "missing_lines": [192], "excluded_lines": [], "start_line": 190}, "LiveOrder.to_dict": {"executed_lines": [234], "summary": {"covered_lines": 1, "num_statements": 1, "percent_covered": 100.0, "percent_covered_display": "100", "missing_lines": 0, "excluded_lines": 0, "percent_statements_covered": 100.0, "percent_statements_covered_display": "100"}, "missing_lines": [], "excluded_lines": [], "start_line": 233}, "LivePosition.to_dict": {"executed_lines": [251], "summary": {"covered_lines": 1, "num_statements": 1, "percent_covered": 100.0, "percent_covered_display": "100", "missing_lines": 0, "excluded_lines": 0, "percent_statements_covered": 100.0, "percent_statements_covered_display": "100"}, "missing_lines": [], "excluded_lines": [], "start_line": 250}, "CircuitBreaker.check_and_update": {"executed_lines": [276, 279, 280, 281, 282, 283, 284, 285, 288, 290, 291, 292, 294, 297, 298, 299, 302, 303, 304, 305, 306, 308, 309, 310, 311, 312, 314, 321, 322, 323, 329], "summary": {"covered_lines": 31, "num_statements": 39, "percent_covered": 79.48717948717949, "percent_covered_display": "79", "missing_lines": 8, "excluded_lines": 0, "percent_statements_covered": 79.48717948717949, "percent_statements_covered_display": "79"}, "missing_lines": [315, 316, 317, 318, 324, 325, 326, 327], "excluded_lines": [], "start_line": 271}, "CircuitBreaker.to_dict": {"executed_lines": [332], "summary": {"covered_lines": 1, "num_statements": 1, "percent_covered": 100.0, "percent_covered_display": "100", "missing_lines": 0, "excluded_lines": 0, "percent_statements_covered": 100.0, "percent_statements_covered_display": "100"}, "missing_lines": [], "excluded_lines": [], "start_line": 331}, "LiveTradingEngine.__init__": {"executed_lines": [359, 360, 361, 364, 367, 370, 371, 375, 376, 377, 378, 381, 382, 385, 386, 387, 390, 392], "summary": {"covered_lines": 18, "num_statements": 19, "percent_covered": 94.73684210526316, "percent_covered_display": "95", "missing_lines": 1, "excluded_lines": 0, "percent_statements_covered": 94.73684210526316, "percent_statements_covered_display": "95"}, "missing_lines": [372], "excluded_lines": [], "start_line": 352}, "LiveTradingEngine._init_clob_client": {"executed_lines": [], "summary": {"covered_lines": 0, "num_statements": 28, "percent_covered": 0.0, "percent_covered_display": "0", "missing_lines": 28, "excluded_lines": 0, "percent_statements_covered": 0.0, "percent_statements_covered_display": "0"}, "missing_lines": [396, 397, 398, 400, 404, 406, 408, 410, 411, 412, 414, 415, 418, 419, 420, 421, 426, 433, 436, 438, 441, 442, 443, 444, 445, 447, 448, 449], "excluded_lines": [], "start_line": 394}, "LiveTradingEngine.ensure_clob_initialized": {"executed_lines": [], "summary": {"covered_lines": 0, "num_statements": 10, "percent_covered": 0.0, "percent_covered_display": "0", "missing_lines": 10, "excluded_lines": 0, "percent_statements_covered": 0.0, "percent_statements_covered_display": "0"}, "missing_lines": [456, 457, 459, 460, 462, 463, 465, 467, 468, 470], "excluded_lines": [], "start_line": 451}, "LiveTradingEngine.refresh_api_credentials": {"executed_lines": [], "summary": {"covered_lines": 0, "num_statements": 14, "percent_covered": 0.0, "percent_covered_display": "0", "missing_lines": 14, "excluded_lines": 0, "percent_statements_covered": 0.0, "percent_statements_covered_display": "0"}, "missing_lines": [477, 478, 479, 481, 482, 484, 485, 486, 489, 490, 491, 492, 493, 494], "excluded_lines": [], "start_line": 472}, "LiveTradingEngine._with_clob_retry": {"executed_lines": [], "summary": {"covered_lines": 0, "num_statements": 17, "percent_covered": 0.0, "percent_covered_display": "0", "missing_lines": 17, "excluded_lines": 0, "percent_statements_covered": 0.0, "percent_statements_covered_display": "0"}, "missing_lines": [508, 509, 510, 512, 513, 514, 515, 516, 518, 519, 521, 522, 523, 527, 529, 530, 532], "excluded_lines": [], "start_line": 496}, "LiveTradingEngine.activate_kill_switch": {"executed_lines": [543, 544, 545, 546, 548, 549, 552, 554], "summary": {"covered_lines": 8, "num_statements": 8, "percent_covered": 100.0, "percent_covered_display": "100", "missing_lines": 0, "excluded_lines": 0, "percent_statements_covered": 100.0, "percent_statements_covered_display": "100"}, "missing_lines": [], "excluded_lines": [], "start_line": 538}, "LiveTradingEngine.deactivate_kill_switch": {"executed_lines": [558, 559, 560, 562, 563, 565], "summary": {"covered_lines": 6, "num_statements": 6, "percent_covered": 100.0, "percent_covered_display": "100", "missing_lines": 0, "excluded_lines": 0, "percent_statements_covered": 100.0, "percent_statements_covered_display": "100"}, "missing_lines": [], "excluded_lines": [], "start_line": 556}, "LiveTradingEngine.process_signal": {"executed_lines": [591, 593, 594, 595, 597, 601, 602, 604, 605, 606, 609, 610, 611, 612, 615, 616, 623, 624, 625, 628, 634, 635, 636, 642, 648, 662, 669, 672, 673, 674, 675, 676, 694, 697, 698, 701, 704, 705], "summary": {"covered_lines": 38, "num_statements": 61, "percent_covered": 62.295081967213115, "percent_covered_display": "62", "missing_lines": 23, "excluded_lines": 0, "percent_statements_covered": 62.295081967213115, "percent_statements_covered_display": "62"}, "missing_lines": [598, 599, 618, 619, 620, 629, 630, 631, 638, 639, 678, 680, 681, 682, 683, 684, 685, 686, 687, 688, 689, 691, 702], "excluded_lines": [], "start_line": 571}, "LiveTradingEngine._execute_order": {"executed_lines": [], "summary": {"covered_lines": 0, "num_statements": 52, "percent_covered": 0.0, "percent_covered_display": "0", "missing_lines": 52, "excluded_lines": 0, "percent_statements_covered": 0.0, "percent_statements_covered_display": "0"}, "missing_lines": [715, 716, 717, 718, 719, 721, 722, 723, 725, 726, 727, 728, 729, 730, 731, 732, 733, 734, 736, 739, 740, 741, 742, 743, 747, 749, 754, 757, 763, 766, 769, 770, 772, 773, 774, 776, 777, 778, 779, 782, 783, 784, 785, 787, 789, 791, 792, 793, 796, 797, 798, 799], "excluded_lines": [], "start_line": 707}, "LiveTradingEngine._get_current_price": {"executed_lines": [], "summary": {"covered_lines": 0, "num_statements": 9, "percent_covered": 0.0, "percent_covered_display": "0", "missing_lines": 9, "excluded_lines": 0, "percent_statements_covered": 0.0, "percent_statements_covered_display": "0"}, "missing_lines": [803, 804, 806, 808, 813, 814, 815, 816, 818], "excluded_lines": [], "start_line": 801}, "LiveTradingEngine._create_position": {"executed_lines": [822, 833, 835], "summary": {"covered_lines": 3, "num_statements": 3, "percent_covered": 100.0, "percent_covered_display": "100", "missing_lines": 0, "excluded_lines": 0, "percent_statements_covered": 100.0, "percent_statements_covered_display": "100"}, "missing_lines": [], "excluded_lines": [], "start_line": 820}, "LiveTradingEngine._get_down_token_id": {"executed_lines": [], "summary": {"covered_lines": 0, "num_statements": 4, "percent_covered": 0.0, "percent_covered_display": "0", "missing_lines": 4, "excluded_lines": 0, "percent_statements_covered": 0.0, "percent_statements_covered_display": "0"}, "missing_lines": [840, 841, 843, 844], "excluded_lines": [], "start_line": 837}, "LiveTradingEngine._cancel_all_orders": {"executed_lines": [848, 849], "summary": {"covered_lines": 2, "num_statements": 7, "percent_covered": 28.571428571428573, "percent_covered_display": "29", "missing_lines": 5, "excluded_lines": 0, "percent_statements_covered": 28.571428571428573, "percent_statements_covered_display": "29"}, "missing_lines": [851, 852, 853, 854, 855], "excluded_lines": [], "start_line": 846}, "LiveTradingEngine.cancel_order": {"executed_lines": [], "summary": {"covered_lines": 0, "num_statements": 21, "percent_covered": 0.0, "percent_covered_display": "0", "missing_lines": 21, "excluded_lines": 0, "percent_statements_covered": 0.0, "percent_statements_covered_display": "0"}, "missing_lines": [864, 865, 868, 869, 870, 871, 872, 874, 875, 877, 878, 880, 881, 882, 884, 885, 886, 887, 888, 889, 890], "excluded_lines": [], "start_line": 857}, "LiveTradingEngine.cancel_all_orders": {"executed_lines": [], "summary": {"covered_lines": 0, "num_statements": 15, "percent_covered": 0.0, "percent_covered_display": "0", "missing_lines": 15, "excluded_lines": 0, "percent_statements_covered": 0.0, "percent_statements_covered_display": "0"}, "missing_lines": [899, 900, 902, 903, 906, 907, 908, 909, 910, 912, 913, 914, 915, 916, 917], "excluded_lines": [], "start_line": 892}, "LiveTradingEngine.resolve_position": {"executed_lines": [937, 938, 939, 940, 941, 943, 947, 948, 949, 952, 959, 960, 966, 967, 971, 977, 992, 995, 999, 1000], "summary": {"covered_lines": 20, "num_statements": 31, "percent_covered": 64.51612903225806, "percent_covered_display": "65", "missing_lines": 11, "excluded_lines": 0, "percent_statements_covered": 64.51612903225806, "percent_statements_covered_display": "65"}, "missing_lines": [944, 968, 969, 978, 979, 980, 987, 988, 989, 996, 997], "excluded_lines": [], "start_line": 923}, "LiveTradingEngine._send_alert": {"executed_lines": [1008, 1009, 1012, 1016, 1017, 1019, 1022], "summary": {"covered_lines": 7, "num_statements": 11, "percent_covered": 63.63636363636363, "percent_covered_display": "64", "missing_lines": 4, "excluded_lines": 0, "percent_statements_covered": 63.63636363636363, "percent_statements_covered_display": "64"}, "missing_lines": [1013, 1018, 1020, 1023], "excluded_lines": [], "start_line": 1006}, "LiveTradingEngine._send_telegram": {"executed_lines": [], "summary": {"covered_lines": 0, "num_statements": 9, "percent_covered": 0.0, "percent_covered_display": "0", "missing_lines": 9, "excluded_lines": 0, "percent_statements_covered": 0.0, "percent_statements_covered_display": "0"}, "missing_lines": [1027, 1028, 1029, 1030, 1031, 1037, 1038, 1039, 1040], "excluded_lines": [], "start_line": 1025}, "LiveTradingEngine._send_discord": {"executed_lines": [], "summary": {"covered_lines": 0, "num_statements": 6, "percent_covered": 0.0, "percent_covered_display": "0", "missing_lines": 6, "excluded_lines": 0, "percent_statements_covered": 0.0, "percent_statements_covered_display": "0"}, "missing_lines": [1044, 1045, 1046, 1047, 1050, 1051], "excluded_lines": [], "start_line": 1042}, "LiveTradingEngine._get_state_path": {"executed_lines": [1058], "summary": {"covered_lines": 1, "num_statements": 1, "percent_covered": 100.0, "percent_covered_display": "100", "missing_lines": 0, "excluded_lines": 0, "percent_statements_covered": 100.0, "percent_statements_covered_display": "100"}, "missing_lines": [], "excluded_lines": [], "start_line": 1057}, "LiveTradingEngine._save_state": {"executed_lines": [1062, 1070, 1071, 1072], "summary": {"covered_lines": 4, "num_statements": 6, "percent_covered": 66.66666666666667, "percent_covered_display": "67", "missing_lines": 2, "excluded_lines": 0, "percent_statements_covered": 66.66666666666667, "percent_statements_covered_display": "67"}, "missing_lines": [1073, 1074], "excluded_lines": [], "start_line": 1060}, "LiveTradingEngine._load_state": {"executed_lines": [1078, 1079, 1080, 1081, 1083, 1084, 1087, 1088, 1089, 1091, 1094, 1098, 1101], "summary": {"covered_lines": 13, "num_statements": 17, "percent_covered": 76.47058823529412, "percent_covered_display": "76", "missing_lines": 4, "excluded_lines": 0, "percent_statements_covered": 76.47058823529412, "percent_statements_covered_display": "76"}, "missing_lines": [1095, 1099, 1103, 1104], "excluded_lines": [], "start_line": 1076}, "LiveTradingEngine.get_wallet_balance": {"executed_lines": [1119, 1120], "summary": {"covered_lines": 2, "num_statements": 13, "percent_covered": 15.384615384615385, "percent_covered_display": "15", "missing_lines": 11, "excluded_lines": 0, "percent_statements_covered": 15.384615384615385, "percent_statements_covered_display": "15"}, "missing_lines": [1127, 1130, 1134, 1140, 1143, 1144, 1147, 1149, 1157, 1158, 1159], "excluded_lines": [], "start_line": 1110}, "LiveTradingEngine.check_sufficient_balance": {"executed_lines": [1172, 1174, 1175], "summary": {"covered_lines": 3, "num_statements": 7, "percent_covered": 42.857142857142854, "percent_covered_display": "43", "missing_lines": 4, "excluded_lines": 0, "percent_statements_covered": 42.857142857142854, "percent_statements_covered_display": "43"}, "missing_lines": [1177, 1179, 1180, 1182], "excluded_lines": [], "start_line": 1166}, "LiveTradingEngine.check_token_allowances": {"executed_lines": [], "summary": {"covered_lines": 0, "num_statements": 17, "percent_covered": 0.0, "percent_covered_display": "0", "missing_lines": 17, "excluded_lines": 0, "percent_statements_covered": 0.0, "percent_statements_covered_display": "0"}, "missing_lines": [1193, 1194, 1196, 1197, 1201, 1207, 1208, 1209, 1211, 1218, 1219, 1221, 1222, 1224, 1226, 1227, 1228], "excluded_lines": [], "start_line": 1184}, "LiveTradingEngine.set_allowances": {"executed_lines": [], "summary": {"covered_lines": 0, "num_statements": 40, "percent_covered": 0.0, "percent_covered_display": "0", "missing_lines": 40, "excluded_lines": 0, "percent_statements_covered": 0.0, "percent_statements_covered_display": "0"}, "missing_lines": [1239, 1240, 1242, 1243, 1244, 1246, 1248, 1249, 1250, 1251, 1253, 1254, 1257, 1260, 1263, 1266, 1268, 1269, 1271, 1272, 1275, 1282, 1283, 1284, 1285, 1288, 1295, 1296, 1297, 1298, 1301, 1302, 1303, 1304, 1305, 1307, 1308, 1310, 1311, 1312], "excluded_lines": [], "start_line": 1230}, "LiveTradingEngine.get_status": {"executed_lines": [1320, 1330, 1333], "summary": {"covered_lines": 3, "num_statements": 4, "percent_covered": 75.0, "percent_covered_display": "75", "missing_lines": 1, "excluded_lines": 0, "percent_statements_covered": 75.0, "percent_statements_covered_display": "75"}, "missing_lines": [1331], "excluded_lines": [], "start_line": 1318}, "LiveTradingEngine.get_positions": {"executed_lines": [1337], "summary": {"covered_lines": 1, "num_statements": 1, "percent_covered": 100.0, "percent_covered_display": "100", "missing_lines": 0, "excluded_lines": 0, "percent_statements_covered": 100.0, "percent_statements_covered_display": "100"}, "missing_lines": [], "excluded_lines": [], "start_line": 1335}, "LiveTradingEngine.get_order_history": {"executed_lines": [], "summary": {"covered_lines": 0, "num_statements": 1, "percent_covered": 0.0, "percent_covered_display": "0", "missing_lines": 1, "excluded_lines": 0, "percent_statements_covered": 0.0, "percent_statements_covered_display": "0"}, "missing_lines": [1341], "excluded_lines": [], "start_line": 1339}, "LiveTradingEngine.set_mode": {"executed_lines": [1345, 1346, 1347, 1350, 1351, 1354, 1355, 1357, 1358, 1359, 1362], "summary": {"covered_lines": 11, "num_statements": 18, "percent_covered": 61.111111111111114, "percent_covered_display": "61", "missing_lines": 7, "excluded_lines": 0, "percent_statements_covered": 61.111111111111114, "percent_statements_covered_display": "61"}, "missing_lines": [1352, 1363, 1364, 1365, 1372, 1377, 1378], "excluded_lines": [], "start_line": 1343}, "LiveTradingEngine.update_config": {"executed_lines": [], "summary": {"covered_lines": 0, "num_statements": 5, "percent_covered": 0.0, "percent_covered_display": "0", "missing_lines": 5, "excluded_lines": 0, "percent_statements_covered": 0.0, "percent_statements_covered_display": "0"}, "missing_lines": [1382, 1383, 1384, 1385, 1386], "excluded_lines": [], "start_line": 1380}, "": {"executed_lines": [15, 16, 17, 18, 19, 20, 21, 22, 23, 24, 30, 31, 32, 36, 37, 38, 46, 47, 48, 54, 55, 56, 57, 58, 61, 63, 65, 68, 74, 86, 125, 132, 134, 135, 138, 139, 143, 146, 147, 149, 152, 153, 154, 157, 158, 159, 162, 163, 164, 167, 168, 171, 172, 173, 176, 178, 183, 184, 189, 190, 213, 214, 216, 217, 218, 219, 220, 221, 222, 223, 224, 225, 226, 227, 228, 229, 230, 231, 233, 237, 238, 240, 241, 242, 243, 244, 245, 246, 247, 248, 250, 258, 259, 261, 262, 263, 264, 265, 266, 267, 268, 269, 271, 331, 339, 352, 394, 451, 472, 496, 538, 556, 571, 707, 801, 820, 837, 846, 857, 892, 923, 1006, 1025, 1042, 1057, 1060, 1076, 1110, 1166, 1184, 1230, 1318, 1335, 1339, 1343, 1380], "summary": {"covered_lines": 136, "num_statements": 144, "percent_covered": 94.44444444444444, "percent_covered_display": "94", "missing_lines": 8, "excluded_lines": 2, "percent_statements_covered": 94.44444444444444, "percent_statements_covered_display": "94"}, "missing_lines": [39, 40, 41, 42, 43, 49, 50, 51], "excluded_lines": [26, 27], "start_line": 1}}, "classes": {"TradingMode": {"executed_lines": [], "summary": {"covered_lines": 0, "num_statements": 0, "percent_covered": 100.0, "percent_covered_display": "100", "missing_lines": 0, "excluded_lines": 0, "percent_statements_covered": 100.0, "percent_statements_covered_display": "100"}, "missing_lines": [], "excluded_lines": [], "start_line": 132}, "LiveTradingConfig": {"executed_lines": [179, 180, 181], "summary": {"covered_lines": 3, "num_statements": 7, "percent_covered": 42.857142857142854, "percent_covered_display": "43", "missing_lines": 4, "excluded_lines": 0, "percent_statements_covered": 42.857142857142854, "percent_statements_covered_display": "43"}, "missing_lines": [185, 186, 187, 192], "excluded_lines": [], "start_line": 139}, "LiveOrder": {"executed_lines": [234], "summary": {"covered_lines": 1, "num_statements": 1, "percent_covered": 100.0, "percent_covered_display": "100", "missing_lines": 0, "excluded_lines": 0, "percent_statements_covered": 100.0, "percent_statements_covered_display": "100"}, "missing_lines": [], "excluded_lines": [], "start_line": 214}, "LivePosition": {"executed_lines": [251], "summary": {"covered_lines": 1, "num_statements": 1, "percent_covered": 100.0, "percent_covered_display": "100", "missing_lines": 0, "excluded_lines": 0, "percent_statements_covered": 100.0, "percent_statements_covered_display": "100"}, "missing_lines": [], "excluded_lines": [], "start_line": 238}, "CircuitBreaker": {"executed_lines": [276, 279, 280, 281, 282, 283, 284, 285, 288, 290, 291, 292, 294, 297, 298, 299, 302, 303, 304, 305, 306, 308, 309, 310, 311, 312, 314, 321, 322, 323, 329, 332], "summary": {"covered_lines": 32, "num_statements": 40, "percent_covered": 80.0, "percent_covered_display": "80", "missing_lines": 8, "excluded_lines": 0, "percent_statements_covered": 80.0, "percent_statements_covered_display": "80"}, "missing_lines": [315, 316, 317, 318, 324, 325, 326, 327], "excluded_lines": [], "start_line": 259}, "LiveTradingEngine": {"executed_lines": [359, 360, 361, 364, 367, 370, 371, 375, 376, 377, 378, 381, 382, 385, 386, 387, 390, 392, 543, 544, 545, 546, 548, 549, 552, 554, 558, 559, 560, 562, 563, 565, 591, 593, 594, 595, 597, 601, 602, 604, 605, 606, 609, 610, 611, 612, 615, 616, 623, 624, 625, 628, 634, 635, 636, 642, 648, 662, 669, 672, 673, 674, 675, 676, 694, 697, 698, 701, 704, 705, 822, 833, 835, 848, 849, 937, 938, 939, 940, 941, 943, 947, 948, 949, 952, 959, 960, 966, 967, 971, 977, 992, 995, 999, 1000, 1008, 1009, 1012, 1016, 1017, 1019, 1022, 1058, 1062, 1070, 1071, 1072, 1078, 1079, 1080, 1081, 1083, 1084, 1087, 1088, 1089, 1091, 1094, 1098, 1101, 1119, 1120, 1172, 1174, 1175, 1320, 1330, 1333, 1337, 1345, 1346, 1347, 1350, 1351, 1354, 1355, 1357, 1358, 1359, 1362], "summary": {"covered_lines": 140, "num_statements": 461, "percent_covered": 30.36876355748373, "percent_covered_display": "30", "missing_lines": 321, "excluded_lines": 0, "percent_statements_covered": 30.36876355748373, "percent_statements_covered_display": "30"}, "missing_lines": [372, 396, 397, 398, 400, 404, 406, 408, 410, 411, 412, 414, 415, 418, 419, 420, 421, 426, 433, 436, 438, 441, 442, 443, 444, 445, 447, 448, 449, 456, 457, 459, 460, 462, 463, 465, 467, 468, 470, 477, 478, 479, 481, 482, 484, 485, 486, 489, 490, 491, 492, 493, 494, 508, 509, 510, 512, 513, 514, 515, 516, 518, 519, 521, 522, 523, 527, 529, 530, 532, 598, 599, 618, 619, 620, 629, 630, 631, 638, 639, 678, 680, 681, 682, 683, 684, 685, 686, 687, 688, 689, 691, 702, 715, 716, 717, 718, 719, 721, 722, 723, 725, 726, 727, 728, 729, 730, 731, 732, 733, 734, 736, 739, 740, 741, 742, 743, 747, 749, 754, 757, 763, 766, 769, 770, 772, 773, 774, 776, 777, 778, 779, 782, 783, 784, 785, 787, 789, 791, 792, 793, 796, 797, 798, 799, 803, 804, 806, 808, 813, 814, 815, 816, 818, 840, 841, 843, 844, 851, 852, 853, 854, 855, 864, 865, 868, 869, 870, 871, 872, 874, 875, 877, 878, 880, 881, 882, 884, 885, 886, 887, 888, 889, 890, 899, 900, 902, 903, 906, 907, 908, 909, 910, 912, 913, 914, 915, 916, 917, 944, 968, 969, 978, 979, 980, 987, 988, 989, 996, 997, 1013, 1018, 1020, 1023, 1027, 1028, 1029, 1030, 1031, 1037, 1038, 1039, 1040, 1044, 1045, 1046, 1047, 1050, 1051, 1073, 1074, 1095, 1099, 1103, 1104, 1127, 1130, 1134, 1140, 1143, 1144, 1147, 1149, 1157, 1158, 1159, 1177, 1179, 1180, 1182, 1193, 1194, 1196, 1197, 1201, 1207, 1208, 1209, 1211, 1218, 1219, 1221, 1222, 1224, 1226, 1227, 1228, 1239, 1240, 1242, 1243, 1244, 1246, 1248, 1249, 1250, 1251, 1253, 1254, 1257, 1260, 1263, 1266, 1268, 1269, 1271, 1272, 1275, 1282, 1283, 1284, 1285, 1288, 1295, 1296, 1297, 1298, 1301, 1302, 1303, 1304, 1305, 1307, 1308, 1310, 1311, 1312, 1331, 1341, 1352, 1363, 1364, 1365, 1372, 1377, 1378, 1382, 1383, 1384, 1385, 1386], "excluded_lines": [], "start_line": 339}, "": {"executed_lines": [15, 16, 17, 18, 19, 20, 21, 22, 23, 24, 30, 31, 32, 36, 37, 38, 46, 47, 48, 54, 55, 56, 57, 58, 61, 63, 65, 68, 74, 86, 88, 90, 91, 94, 97, 98, 103, 106, 107, 112, 113, 114, 118, 119, 120, 122, 125, 132, 134, 135, 138, 139, 143, 146, 147, 149, 152, 153, 154, 157, 158, 159, 162, 163, 164, 167, 168, 171, 172, 173, 176, 178, 183, 184, 189, 190, 213, 214, 216, 217, 218, 219, 220, 221, 222, 223, 224, 225, 226, 227, 228, 229, 230, 231, 233, 237, 238, 240, 241, 242, 243, 244, 245, 246, 247, 248, 250, 258, 259, 261, 262, 263, 264, 265, 266, 267, 268, 269, 271, 331, 339, 352, 394, 451, 472, 496, 538, 556, 571, 707, 801, 820, 837, 846, 857, 892, 923, 1006, 1025, 1042, 1057, 1060, 1076, 1110, 1166, 1184, 1230, 1318, 1335, 1339, 1343, 1380], "summary": {"covered_lines": 152, "num_statements": 160, "percent_covered": 95.0, "percent_covered_display": "95", "missing_lines": 8, "excluded_lines": 2, "percent_statements_covered": 95.0, "percent_statements_covered_display": "95"}, "missing_lines": [39, 40, 41, 42, 43, 49, 50, 51], "excluded_lines": [26, 27], "start_line": 1}}}, "market_data_store.py": {"executed_lines": [10, 11, 12, 13, 14, 15, 16, 18, 21, 24, 27, 28, 34, 35, 36, 37, 38, 39, 40, 41, 42, 43, 44, 46, 47, 50, 51, 57, 58, 59, 60, 61, 62, 63, 64, 65, 66, 68, 69, 72, 83, 90, 91, 92, 93, 95, 97, 99, 115, 116, 117, 120, 135, 136, 137, 139, 141, 142, 144, 145, 146, 147, 149, 151, 153, 154, 155, 156, 162, 172, 174, 175, 176, 187, 188, 193, 203, 205, 206, 207, 216, 217, 222, 224, 226, 227, 229, 232, 235, 238, 240, 242, 243, 252, 273, 274, 276, 277, 278, 280, 281, 282, 284, 285, 286, 288, 289, 290, 292, 293, 295, 296, 297, 299, 324, 325, 327, 328, 329, 331, 332, 333, 335, 336, 337, 339, 340, 341, 343, 347, 351, 352, 354, 355, 356, 358, 360, 374, 376, 393, 400, 401, 403, 404, 407, 408, 410, 411, 412, 414, 415, 417, 440, 442, 444, 445, 448, 449, 452, 458, 459, 460, 462], "summary": {"covered_lines": 163, "num_statements": 175, "percent_covered": 93.14285714285714, "percent_covered_display": "93", "missing_lines": 12, "excluded_lines": 0, "percent_statements_covered": 93.14285714285714, "percent_statements_covered_display": "93"}, "missing_lines": [189, 190, 191, 218, 219, 220, 245, 246, 344, 345, 348, 349], "excluded_lines": [], "functions": {"PriceSnapshot.to_dict": {"executed_lines": [47], "summary": {"covered_lines": 1, "num_statements": 1, "percent_covered": 100.0, "percent_covered_display": "100", "missing_lines": 0, "excluded_lines": 0, "percent_statements_covered": 100.0, "percent_statements_covered_display": "100"}, "missing_lines": [], "excluded_lines": [], "start_line": 46}, "MarketTradeRecord.to_dict": {"executed_lines": [69], "summary": {"covered_lines": 1, "num_statements": 1, "percent_covered": 100.0, "percent_covered_display": "100", "missing_lines": 0, "excluded_lines": 0, "percent_statements_covered": 100.0, "percent_statements_covered_display": "100"}, "missing_lines": [], "excluded_lines": [], "start_line": 68}, "MarketDataStore.__init__": {"executed_lines": [90, 91, 92, 93], "summary": {"covered_lines": 4, "num_statements": 4, "percent_covered": 100.0, "percent_covered_display": "100", "missing_lines": 0, "excluded_lines": 0, "percent_statements_covered": 100.0, "percent_statements_covered_display": "100"}, "missing_lines": [], "excluded_lines": [], "start_line": 83}, "MarketDataStore._init_database": {"executed_lines": [97, 99, 115, 116, 117, 120, 135, 136, 137, 139], "summary": {"covered_lines": 10, "num_statements": 10, "percent_covered": 100.0, "percent_covered_display": "100", "missing_lines": 0, "excluded_lines": 0, "percent_statements_covered": 100.0, "percent_statements_covered_display": "100"}, "missing_lines": [], "excluded_lines": [], "start_line": 95}, "MarketDataStore._get_connection": {"executed_lines": [144, 145, 146, 147, 149], "summary": {"covered_lines": 5, "num_statements": 5, "percent_covered": 100.0, "percent_covered_display": "100", "missing_lines": 0, "excluded_lines": 0, "percent_statements_covered": 100.0, "percent_statements_covered_display": "100"}, "missing_lines": [], "excluded_lines": [], "start_line": 142}, "MarketDataStore._maybe_cleanup": {"executed_lines": [153, 154, 155, 156], "summary": {"covered_lines": 4, "num_statements": 4, "percent_covered": 100.0, "percent_covered_display": "100", "missing_lines": 0, "excluded_lines": 0, "percent_statements_covered": 100.0, "percent_statements_covered_display": "100"}, "missing_lines": [], "excluded_lines": [], "start_line": 151}, "MarketDataStore.record_snapshot": {"executed_lines": [172, 174, 175, 176, 187, 188], "summary": {"covered_lines": 6, "num_statements": 9, "percent_covered": 66.66666666666667, "percent_covered_display": "67", "missing_lines": 3, "excluded_lines": 0, "percent_statements_covered": 66.66666666666667, "percent_statements_covered_display": "67"}, "missing_lines": [189, 190, 191], "excluded_lines": [], "start_line": 162}, "MarketDataStore.record_trade": {"executed_lines": [203, 205, 206, 207, 216, 217], "summary": {"covered_lines": 6, "num_statements": 9, "percent_covered": 66.66666666666667, "percent_covered_display": "67", "missing_lines": 3, "excluded_lines": 0, "percent_statements_covered": 66.66666666666667, "percent_statements_covered_display": "67"}, "missing_lines": [218, 219, 220], "excluded_lines": [], "start_line": 193}, "MarketDataStore.cleanup_old_data": {"executed_lines": [224, 226, 227, 229, 232, 235, 238, 240, 242, 243], "summary": {"covered_lines": 10, "num_statements": 12, "percent_covered": 83.33333333333333, "percent_covered_display": "83", "missing_lines": 2, "excluded_lines": 0, "percent_statements_covered": 83.33333333333333, "percent_statements_covered_display": "83"}, "missing_lines": [245, 246], "excluded_lines": [], "start_line": 222}, "MarketDataStore.get_snapshots": {"executed_lines": [273, 274, 276, 277, 278, 280, 281, 282, 284, 285, 286, 288, 289, 290, 292, 293, 295, 296, 297], "summary": {"covered_lines": 19, "num_statements": 19, "percent_covered": 100.0, "percent_covered_display": "100", "missing_lines": 0, "excluded_lines": 0, "percent_statements_covered": 100.0, "percent_statements_covered_display": "100"}, "missing_lines": [], "excluded_lines": [], "start_line": 252}, "MarketDataStore.get_trades": {"executed_lines": [324, 325, 327, 328, 329, 331, 332, 333, 335, 336, 337, 339, 340, 341, 343, 347, 351, 352, 354, 355, 356], "summary": {"covered_lines": 21, "num_statements": 25, "percent_covered": 84.0, "percent_covered_display": "84", "missing_lines": 4, "excluded_lines": 0, "percent_statements_covered": 84.0, "percent_statements_covered_display": "84"}, "missing_lines": [344, 345, 348, 349], "excluded_lines": [], "start_line": 299}, "MarketDataStore._row_to_snapshot": {"executed_lines": [360], "summary": {"covered_lines": 1, "num_statements": 1, "percent_covered": 100.0, "percent_covered_display": "100", "missing_lines": 0, "excluded_lines": 0, "percent_statements_covered": 100.0, "percent_statements_covered_display": "100"}, "missing_lines": [], "excluded_lines": [], "start_line": 358}, "MarketDataStore._row_to_trade": {"executed_lines": [376], "summary": {"covered_lines": 1, "num_statements": 1, "percent_covered": 100.0, "percent_covered_display": "100", "missing_lines": 0, "excluded_lines": 0, "percent_statements_covered": 100.0, "percent_statements_covered_display": "100"}, "missing_lines": [], "excluded_lines": [], "start_line": 374}, "MarketDataStore.get_market_analysis": {"executed_lines": [400, 401, 403, 404, 407, 408, 410, 411, 412, 414, 415, 417], "summary": {"covered_lines": 12, "num_statements": 12, "percent_covered": 100.0, "percent_covered_display": "100", "missing_lines": 0, "excluded_lines": 0, "percent_statements_covered": 100.0, "percent_statements_covered_display": "100"}, "missing_lines": [], "excluded_lines": [], "start_line": 393}, "MarketDataStore.get_stats": {"executed_lines": [442, 444, 445, 448, 449, 452, 458, 459, 460, 462], "summary": {"covered_lines": 10, "num_statements": 10, "percent_covered": 100.0, "percent_covered_display": "100", "missing_lines": 0, "excluded_lines": 0, "percent_statements_covered": 100.0, "percent_statements_covered_display": "100"}, "missing_lines": [], "excluded_lines": [], "start_line": 440}, "": {"executed_lines": [10, 11, 12, 13, 14, 15, 16, 18, 21, 24, 27, 28, 34, 35, 36, 37, 38, 39, 40, 41, 42, 43, 44, 46, 50, 51, 57, 58, 59, 60, 61, 62, 63, 64, 65, 66, 68, 72, 83, 95, 141, 142, 151, 162, 193, 222, 252, 299, 358, 374, 393, 440], "summary": {"covered_lines": 52, "num_statements": 52, "percent_covered": 100.0, "percent_covered_display": "100", "missing_lines": 0, "excluded_lines": 0, "percent_statements_covered": 100.0, "percent_statements_covered_display": "100"}, "missing_lines": [], "excluded_lines": [], "start_line": 1}}, "classes": {"PriceSnapshot": {"executed_lines": [47], "summary": {"covered_lines": 1, "num_statements": 1, "percent_covered": 100.0, "percent_covered_display": "100", "missing_lines": 0, "excluded_lines": 0, "percent_statements_covered": 100.0, "percent_statements_covered_display": "100"}, "missing_lines": [], "excluded_lines": [], "start_line": 28}, "MarketTradeRecord": {"executed_lines": [69], "summary": {"covered_lines": 1, "num_statements": 1, "percent_covered": 100.0, "percent_covered_display": "100", "missing_lines": 0, "excluded_lines": 0, "percent_statements_covered": 100.0, "percent_statements_covered_display": "100"}, "missing_lines": [], "excluded_lines": [], "start_line": 51}, "MarketDataStore": {"executed_lines": [90, 91, 92, 93, 97, 99, 115, 116, 117, 120, 135, 136, 137, 139, 144, 145, 146, 147, 149, 153, 154, 155, 156, 172, 174, 175, 176, 187, 188, 203, 205, 206, 207, 216, 217, 224, 226, 227, 229, 232, 235, 238, 240, 242, 243, 273, 274, 276, 277, 278, 280, 281, 282, 284, 285, 286, 288, 289, 290, 292, 293, 295, 296, 297, 324, 325, 327, 328, 329, 331, 332, 333, 335, 336, 337, 339, 340, 341, 343, 347, 351, 352, 354, 355, 356, 360, 376, 400, 401, 403, 404, 407, 408, 410, 411, 412, 414, 415, 417, 442, 444, 445, 448, 449, 452, 458, 459, 460, 462], "summary": {"covered_lines": 109, "num_statements": 121, "percent_covered": 90.08264462809917, "percent_covered_display": "90", "missing_lines": 12, "excluded_lines": 0, "percent_statements_covered": 90.08264462809917, "percent_statements_covered_display": "90"}, "missing_lines": [189, 190, 191, 218, 219, 220, 245, 246, 344, 345, 348, 349], "excluded_lines": [], "start_line": 72}, "": {"executed_lines": [10, 11, 12, 13, 14, 15, 16, 18, 21, 24, 27, 28, 34, 35, 36, 37, 38, 39, 40, 41, 42, 43, 44, 46, 50, 51, 57, 58, 59, 60, 61, 62, 63, 64, 65, 66, 68, 72, 83, 95, 141, 142, 151, 162, 193, 222, 252, 299, 358, 374, 393, 440], "summary": {"covered_lines": 52, "num_statements": 52, "percent_covered": 100.0, "percent_covered_display": "100", "missing_lines": 0, "excluded_lines": 0, "percent_statements_covered": 100.0, "percent_statements_covered_display": "100"}, "missing_lines": [], "excluded_lines": [], "start_line": 1}}}, "pm_websocket.py": {"executed_lines": [13, 14, 15, 16, 17, 18, 20, 22, 25, 26, 28, 29, 30, 31, 32, 33, 34, 35, 37, 50, 58, 70, 87, 117, 127, 163, 184, 207, 230, 261, 274, 284, 295, 308, 314, 324, 327], "summary": {"covered_lines": 37, "num_statements": 163, "percent_covered": 22.699386503067483, "percent_covered_display": "23", "missing_lines": 126, "excluded_lines": 0, "percent_statements_covered": 22.699386503067483, "percent_statements_covered_display": "23"}, "missing_lines": [38, 62, 63, 64, 65, 66, 67, 68, 72, 74, 75, 76, 77, 78, 79, 80, 82, 83, 84, 85, 89, 91, 96, 97, 98, 99, 102, 103, 106, 108, 110, 111, 112, 113, 115, 119, 120, 121, 122, 123, 124, 125, 130, 131, 133, 134, 137, 138, 146, 147, 148, 149, 150, 153, 154, 156, 158, 159, 160, 161, 166, 167, 168, 169, 172, 174, 175, 176, 177, 178, 179, 180, 181, 186, 188, 189, 191, 193, 204, 205, 209, 211, 212, 214, 216, 227, 228, 232, 234, 235, 237, 240, 241, 243, 244, 245, 247, 258, 259, 263, 264, 266, 271, 272, 276, 281, 282, 286, 287, 288, 289, 291, 292, 293, 297, 298, 300, 301, 306, 310, 311, 312, 316, 330, 331, 332], "excluded_lines": [], "functions": {"PMPriceUpdate.to_dict": {"executed_lines": [], "summary": {"covered_lines": 0, "num_statements": 1, "percent_covered": 0.0, "percent_covered_display": "0", "missing_lines": 1, "excluded_lines": 0, "percent_statements_covered": 0.0, "percent_statements_covered_display": "0"}, "missing_lines": [38], "excluded_lines": [], "start_line": 37}, "PMWebSocketClient.__init__": {"executed_lines": [], "summary": {"covered_lines": 0, "num_statements": 7, "percent_covered": 0.0, "percent_covered_display": "0", "missing_lines": 7, "excluded_lines": 0, "percent_statements_covered": 0.0, "percent_statements_covered_display": "0"}, "missing_lines": [62, 63, 64, 65, 66, 67, 68], "excluded_lines": [], "start_line": 58}, "PMWebSocketClient.start": {"executed_lines": [], "summary": {"covered_lines": 0, "num_statements": 12, "percent_covered": 0.0, "percent_covered_display": "0", "missing_lines": 12, "excluded_lines": 0, "percent_statements_covered": 0.0, "percent_statements_covered_display": "0"}, "missing_lines": [72, 74, 75, 76, 77, 78, 79, 80, 82, 83, 84, 85], "excluded_lines": [], "start_line": 70}, "PMWebSocketClient._connect_and_listen": {"executed_lines": [], "summary": {"covered_lines": 0, "num_statements": 15, "percent_covered": 0.0, "percent_covered_display": "0", "missing_lines": 15, "excluded_lines": 0, "percent_statements_covered": 0.0, "percent_statements_covered_display": "0"}, "missing_lines": [89, 91, 96, 97, 98, 99, 102, 103, 106, 108, 110, 111, 112, 113, 115], "excluded_lines": [], "start_line": 87}, "PMWebSocketClient._keepalive_loop": {"executed_lines": [], "summary": {"covered_lines": 0, "num_statements": 7, "percent_covered": 0.0, "percent_covered_display": "0", "missing_lines": 7, "excluded_lines": 0, "percent_statements_covered": 0.0, "percent_statements_covered_display": "0"}, "missing_lines": [119, 120, 121, 122, 123, 124, 125], "excluded_lines": [], "start_line": 117}, "PMWebSocketClient._handle_message": {"executed_lines": [], "summary": {"covered_lines": 0, "num_statements": 18, "percent_covered": 0.0, "percent_covered_display": "0", "missing_lines": 18, "excluded_lines": 0, "percent_statements_covered": 0.0, "percent_statements_covered_display": "0"}, "missing_lines": [130, 131, 133, 134, 137, 138, 146, 147, 148, 149, 150, 153, 154, 156, 158, 159, 160, 161], "excluded_lines": [], "start_line": 127}, "PMWebSocketClient._process_single_message": {"executed_lines": [], "summary": {"covered_lines": 0, "num_statements": 13, "percent_covered": 0.0, "percent_covered_display": "0", "missing_lines": 13, "excluded_lines": 0, "percent_statements_covered": 0.0, "percent_statements_covered_display": "0"}, "missing_lines": [166, 167, 168, 169, 172, 174, 175, 176, 177, 178, 179, 180, 181], "excluded_lines": [], "start_line": 163}, "PMWebSocketClient._handle_price_change": {"executed_lines": [], "summary": {"covered_lines": 0, "num_statements": 7, "percent_covered": 0.0, "percent_covered_display": "0", "missing_lines": 7, "excluded_lines": 0, "percent_statements_covered": 0.0, "percent_statements_covered_display": "0"}, "missing_lines": [186, 188, 189, 191, 193, 204, 205], "excluded_lines": [], "start_line": 184}, "PMWebSocketClient._handle_last_trade": {"executed_lines": [], "summary": {"covered_lines": 0, "num_statements": 7, "percent_covered": 0.0, "percent_covered_display": "0", "missing_lines": 7, "excluded_lines": 0, "percent_statements_covered": 0.0, "percent_statements_covered_display": "0"}, "missing_lines": [209, 211, 212, 214, 216, 227, 228], "excluded_lines": [], "start_line": 207}, "PMWebSocketClient._handle_book": {"executed_lines": [], "summary": {"covered_lines": 0, "num_statements": 12, "percent_covered": 0.0, "percent_covered_display": "0", "missing_lines": 12, "excluded_lines": 0, "percent_statements_covered": 0.0, "percent_statements_covered_display": "0"}, "missing_lines": [232, 234, 235, 237, 240, 241, 243, 244, 245, 247, 258, 259], "excluded_lines": [], "start_line": 230}, "PMWebSocketClient._send_subscribe": {"executed_lines": [], "summary": {"covered_lines": 0, "num_statements": 5, "percent_covered": 0.0, "percent_covered_display": "0", "missing_lines": 5, "excluded_lines": 0, "percent_statements_covered": 0.0, "percent_statements_covered_display": "0"}, "missing_lines": [263, 264, 266, 271, 272], "excluded_lines": [], "start_line": 261}, "PMWebSocketClient.subscribe": {"executed_lines": [], "summary": {"covered_lines": 0, "num_statements": 3, "percent_covered": 0.0, "percent_covered_display": "0", "missing_lines": 3, "excluded_lines": 0, "percent_statements_covered": 0.0, "percent_statements_covered_display": "0"}, "missing_lines": [276, 281, 282], "excluded_lines": [], "start_line": 274}, "PMWebSocketClient.subscribe_market": {"executed_lines": [], "summary": {"covered_lines": 0, "num_statements": 7, "percent_covered": 0.0, "percent_covered_display": "0", "missing_lines": 7, "excluded_lines": 0, "percent_statements_covered": 0.0, "percent_statements_covered_display": "0"}, "missing_lines": [286, 287, 288, 289, 291, 292, 293], "excluded_lines": [], "start_line": 284}, "PMWebSocketClient.unsubscribe": {"executed_lines": [], "summary": {"covered_lines": 0, "num_statements": 5, "percent_covered": 0.0, "percent_covered_display": "0", "missing_lines": 5, "excluded_lines": 0, "percent_statements_covered": 0.0, "percent_statements_covered_display": "0"}, "missing_lines": [297, 298, 300, 301, 306], "excluded_lines": [], "start_line": 295}, "PMWebSocketClient.stop": {"executed_lines": [], "summary": {"covered_lines": 0, "num_statements": 3, "percent_covered": 0.0, "percent_covered_display": "0", "missing_lines": 3, "excluded_lines": 0, "percent_statements_covered": 0.0, "percent_statements_covered_display": "0"}, "missing_lines": [310, 311, 312], "excluded_lines": [], "start_line": 308}, "PMWebSocketClient.get_status": {"executed_lines": [], "summary": {"covered_lines": 0, "num_statements": 1, "percent_covered": 0.0, "percent_covered_display": "0", "missing_lines": 1, "excluded_lines": 0, "percent_statements_covered": 0.0, "percent_statements_covered_display": "0"}, "missing_lines": [316], "excluded_lines": [], "start_line": 314}, "get_pm_ws_client": {"executed_lines": [], "summary": {"covered_lines": 0, "num_statements": 3, "percent_covered": 0.0, "percent_covered_display": "0", "missing_lines": 3, "excluded_lines": 0, "percent_statements_covered": 0.0, "percent_statements_covered_display": "0"}, "missing_lines": [330, 331, 332], "excluded_lines": [], "start_line": 327}, "": {"executed_lines": [13, 14, 15, 16, 17, 18, 20, 22, 25, 26, 28, 29, 30, 31, 32, 33, 34, 35, 37, 50, 58, 70, 87, 117, 127, 163, 184, 207, 230, 261, 274, 284, 295, 308, 314, 324, 327], "summary": {"covered_lines": 37, "num_statements": 37, "percent_covered": 100.0, "percent_covered_display": "100", "missing_lines": 0, "excluded_lines": 0, "percent_statements_covered": 100.0, "percent_statements_covered_display": "100"}, "missing_lines": [], "excluded_lines": [], "start_line": 1}}, "classes": {"PMPriceUpdate": {"executed_lines": [], "summary": {"covered_lines": 0, "num_statements": 1, "percent_covered": 0.0, "percent_covered_display": "0", "missing_lines": 1, "excluded_lines": 0, "percent_statements_covered": 0.0, "percent_statements_covered_display": "0"}, "missing_lines": [38], "excluded_lines": [], "start_line": 26}, "PMWebSocketClient": {"executed_lines": [], "summary": {"covered_lines": 0, "num_statements": 122, "percent_covered": 0.0, "percent_covered_display": "0", "missing_lines": 122, "excluded_lines": 0, "percent_statements_covered": 0.0, "percent_statements_covered_display": "0"}, "missing_lines": [62, 63, 64, 65, 66, 67, 68, 72, 74, 75, 76, 77, 78, 79, 80, 82, 83, 84, 85, 
[...]
ents_covered": 0.0, "percent_statements_covered_display": "0"}, "missing_lines": [633, 635, 637, 638, 640, 641, 642, 646, 647, 649, 650, 651, 652, 653, 655, 657, 658, 660, 662, 663, 664, 665, 667, 668, 670, 671, 674, 675, 678, 679, 680, 682, 683, 684, 686], "excluded_lines": [], "start_line": 617}, "fetch_binance_price_at": {"executed_lines": [], "summary": {"covered_lines": 0, "num_statements": 12, "percent_covered": 0.0, "percent_covered_display": "0", "missing_lines": 12, "excluded_lines": 0, "percent_statements_covered": 0.0, "percent_statements_covered_display": "0"}, "missing_lines": [699, 701, 703, 704, 711, 712, 713, 714, 716, 717, 718, 720], "excluded_lines": [], "start_line": 689}, "fetch_market_resolution_from_binance": {"executed_lines": [], "summary": {"covered_lines": 0, "num_statements": 8, "percent_covered": 0.0, "percent_covered_display": "0", "missing_lines": 8, "excluded_lines": 0, "percent_statements_covered": 0.0, "percent_statements_covered_display": "0"}, "missing_lines": [738, 739, 741, 742, 743, 745, 746, 749], "excluded_lines": [], "start_line": 723}, "backtest_whale_following": {"executed_lines": [], "summary": {"covered_lines": 0, "num_statements": 97, "percent_covered": 0.0, "percent_covered_display": "0", "missing_lines": 97, "excluded_lines": 0, "percent_statements_covered": 0.0, "percent_statements_covered_display": "0"}, "missing_lines": [772, 773, 774, 776, 779, 780, 786, 789, 790, 794, 796, 797, 799, 800, 802, 803, 805, 806, 809, 810, 811, 814, 815, 817, 818, 819, 821, 822, 824, 825, 828, 831, 832, 833, 834, 835, 837, 838, 842, 843, 844, 845, 846, 847, 849, 852, 853, 854, 855, 858, 859, 860, 862, 873, 874, 875, 878, 879, 881, 882, 883, 886, 887, 890, 891, 892, 894, 897, 898, 899, 900, 903, 904, 905, 906, 907, 910, 911, 912, 917, 918, 920, 921, 922, 924, 925, 927, 929, 943, 957, 960, 963, 964, 965, 966, 967, 969], "excluded_lines": [], "start_line": 752}, "fetch_whale_positions_pnl": {"executed_lines": [], "summary": {"covered_lines": 0, "num_statements": 41, "percent_covered": 0.0, "percent_covered_display": "0", "missing_lines": 41, "excluded_lines": 0, "percent_statements_covered": 0.0, "percent_statements_covered_display": "0"}, "missing_lines": [1004, 1005, 1006, 1008, 1010, 1011, 1016, 1018, 1019, 1020, 1021, 1022, 1025, 1026, 1027, 1030, 1036, 1037, 1038, 1039, 1040, 1041, 1043, 1045, 1046, 1047, 1048, 1049, 1050, 1052, 1053, 1054, 1057, 1058, 1059, 1060, 1062, 1073, 1076, 1079, 1081], "excluded_lines": [], "start_line": 985}, "fetch_whale_market_history": {"executed_lines": [], "summary": {"covered_lines": 0, "num_statements": 27, "percent_covered": 0.0, "percent_covered_display": "0", "missing_lines": 27, "excluded_lines": 0, "percent_statements_covered": 0.0, "percent_statements_covered_display": "0"}, "missing_lines": [1113, 1114, 1115, 1117, 1119, 1126, 1128, 1129, 1130, 1131, 1133, 1134, 1141, 1143, 1144, 1145, 1146, 1148, 1149, 1151, 1152, 1153, 1155, 1156, 1158, 1161, 1163], "excluded_lines": [], "start_line": 1104}, "": {"executed_lines": [14, 15, 16, 17, 18, 19, 20, 21, 23, 25, 33, 34, 36, 37, 38, 39, 40, 41, 42, 43, 44, 45, 46, 47, 48, 49, 50, 52, 72, 87, 123, 141, 148, 158, 247, 348, 359, 371, 377, 378, 380, 381, 382, 383, 384, 385, 386, 387, 388, 389, 390, 392, 408, 409, 411, 412, 413, 414, 415, 416, 417, 418, 419, 420, 421, 423, 439, 440, 442, 443, 446, 447, 450, 451, 454, 455, 458, 461, 462, 464, 465, 466, 467, 468, 469, 470, 471, 472, 473, 474, 475, 477, 494, 502, 524, 604, 617, 689, 723, 752, 985, 1104], "summary": {"covered_lines": 102, "num_statements": 102, "percent_covered": 100.0, "percent_covered_display": "100", "missing_lines": 0, "excluded_lines": 0, "percent_statements_covered": 100.0, "percent_statements_covered_display": "100"}, "missing_lines": [], "excluded_lines": [], "start_line": 1}}, "classes": {"WhaleMarketBias": {"executed_lines": [], "summary": {"covered_lines": 0, "num_statements": 1, "percent_covered": 0.0, "percent_covered_display": "0", "missing_lines": 1, "excluded_lines": 0, "percent_statements_covered": 0.0, "percent_statements_covered_display": "0"}, "missing_lines": [53], "excluded_lines": [], "start_line": 34}, "WhaleTradeDetector": {"executed_lines": [], "summary": {"covered_lines": 0, "num_statements": 137, "percent_covered": 0.0, "percent_covered_display": "0", "missing_lines": 137, "excluded_lines": 0, "percent_statements_covered": 0.0, "percent_statements_covered_display": "0"}, "missing_lines": [99, 100, 101, 104, 108, 112, 115, 116, 119, 120, 121, 125, 126, 128, 129, 131, 133, 134, 135, 136, 137, 139, 143, 144, 145, 146, 150, 152, 153, 154, 155, 156, 160, 161, 162, 164, 167, 168, 170, 171, 172, 173, 175, 176, 179, 180, 182, 183, 185, 188, 190, 191, 194, 195, 198, 199, 200, 201, 202, 204, 205, 208, 209, 210, 211, 212, 213, 215, 216, 218, 221, 222, 225, 226, 228, 237, 238, 239, 240, 243, 256, 257, 259, 260, 263, 264, 265, 267, 268, 269, 270, 271, 272, 274, 276, 277, 278, 280, 281, 282, 283, 285, 289, 290, 291, 293, 294, 295, 296, 297, 298, 300, 301, 304, 305, 307, 308, 311, 312, 313, 314, 316, 334, 335, 337, 339, 345, 346, 350, 352, 353, 354, 355, 357, 361, 373, 374], "excluded_lines": [], "start_line": 72}, "WhaleFollowSignal": {"executed_lines": [], "summary": {"covered_lines": 0, "num_statements": 1, "percent_covered": 0.0, "percent_covered_display": "0", "missing_lines": 1, "excluded_lines": 0, "percent_statements_covered": 0.0, "percent_statements_covered_display": "0"}, "missing_lines": [393], "excluded_lines": [], "start_line": 378}, "WhaleFollowTrade": {"executed_lines": [], "summary": {"covered_lines": 0, "num_statements": 1, "percent_covered": 0.0, "percent_covered_display": "0", "missing_lines": 1, "excluded_lines": 0, "percent_statements_covered": 0.0, "percent_statements_covered_display": "0"}, "missing_lines": [424], "excluded_lines": [], "start_line": 409}, "WhaleFollowConfig": {"executed_lines": [], "summary": {"covered_lines": 0, "num_statements": 0, "percent_covered": 100.0, "percent_covered_display": "100", "missing_lines": 0, "excluded_lines": 0, "percent_statements_covered": 100.0, "percent_statements_covered_display": "100"}, "missing_lines": [], "excluded_lines": [], "start_line": 440}, "BacktestResult": {"executed_lines": [], "summary": {"covered_lines": 0, "num_statements": 1, "percent_covered": 0.0, "percent_covered_display": "0", "missing_lines": 1, "excluded_lines": 0, "percent_statements_covered": 0.0, "percent_statements_covered_display": "0"}, "missing_lines": [478], "excluded_lines": [], "start_line": 462}, "WhaleFollowingStrategy": {"executed_lines": [], "summary": {"covered_lines": 0, "num_statements": 36, "percent_covered": 0.0, "percent_covered_display": "0", "missing_lines": 36, "excluded_lines": 0, "percent_statements_covered": 0.0, "percent_statements_covered_display": "0"}, "missing_lines": [507, 508, 511, 514, 517, 520, 521, 522, 542, 543, 546, 547, 550, 551, 554, 555, 558, 559, 560, 563, 564, 565, 566, 569, 570, 571, 574, 575, 576, 577, 580, 594, 599, 600, 602, 606], "excluded_lines": [], "start_line": 494}, "": {"executed_lines": [14, 15, 16, 17, 18, 19, 20, 21, 23, 25, 33, 34, 36, 37, 38, 39, 40, 41, 42, 43, 44, 45, 46, 47, 48, 49, 50, 52, 72, 87, 123, 141, 148, 158, 247, 348, 359, 371, 377, 378, 380, 381, 382, 383, 384, 385, 386, 387, 388, 389, 390, 392, 408, 409, 411, 412, 413, 414, 415, 416, 417, 418, 419, 420, 421, 423, 439, 440, 442, 443, 446, 447, 450, 451, 454, 455, 458, 461, 462, 464, 465, 466, 467, 468, 469, 470, 471, 472, 473, 474, 475, 477, 494, 502, 524, 604, 617, 689, 723, 752, 985, 1104], "summary": {"covered_lines": 102, "num_statements": 322, "percent_covered": 31.677018633540374, "percent_covered_display": "32", "missing_lines": 220, "excluded_lines": 0, "percent_statements_covered": 31.677018633540374, "percent_statements_covered_display": "32"}, "missing_lines": [633, 635, 637, 638, 640, 641, 642, 646, 647, 649, 650, 651, 652, 653, 655, 657, 658, 660, 662, 663, 664, 665, 667, 668, 670, 671, 674, 675, 678, 679, 680, 682, 683, 684, 686, 699, 701, 703, 704, 711, 712, 713, 714, 716, 717, 718, 720, 738, 739, 741, 742, 743, 745, 746, 749, 772, 773, 774, 776, 779, 780, 786, 789, 790, 794, 796, 797, 799, 800, 802, 803, 805, 806, 809, 810, 811, 814, 815, 817, 818, 819, 821, 822, 824, 825, 828, 831, 832, 833, 834, 835, 837, 838, 842, 843, 844, 845, 846, 847, 849, 852, 853, 854, 855, 858, 859, 860, 862, 873, 874, 875, 878, 879, 881, 882, 883, 886, 887, 890, 891, 892, 894, 897, 898, 899, 900, 903, 904, 905, 906, 907, 910, 911, 912, 917, 918, 920, 921, 922, 924, 925, 927, 929, 943, 957, 960, 963, 964, 965, 966, 967, 969, 1004, 1005, 1006, 1008, 1010, 1011, 1016, 1018, 1019, 1020, 1021, 1022, 1025, 1026, 1027, 1030, 1036, 1037, 1038, 1039, 1040, 1041, 1043, 1045, 1046, 1047, 1048, 1049, 1050, 1052, 1053, 1054, 1057, 1058, 1059, 1060, 1062, 1073, 1076, 1079, 1081, 1113, 1114, 1115, 1117, 1119, 1126, 1128, 1129, 1130, 1131, 1133, 1134, 1141, 1143, 1144, 1145, 1146, 1148, 1149, 1151, 1152, 1153, 1155, 1156, 1158, 1161, 1163], "excluded_lines": [], "start_line": 1}}}, "whale_websocket.py": {"executed_lines": [10, 11, 12, 13, 14, 15, 16, 17, 19, 21, 27, 28, 31, 34, 35, 37, 38, 39, 40, 41, 42, 43, 44, 45, 46, 47, 49, 65, 66, 68, 69, 70, 71, 72, 73, 74, 75, 76, 77, 79, 94, 102, 134, 139, 149, 163, 169, 197, 217, 231, 303, 356, 391, 399, 402, 410], "summary": {"covered_lines": 56, "num_statements": 208, "percent_covered": 26.923076923076923, "percent_covered_display": "27", "missing_lines": 152, "excluded_lines": 0, "percent_statements_covered": 26.923076923076923, "percent_statements_covered_display": "27"}, "missing_lines": [50, 80, 107, 108, 112, 121, 127, 128, 129, 132, 136, 137, 141, 142, 143, 144, 145, 146, 147, 151, 152, 153, 154, 155, 156, 157, 158, 159, 160, 161, 165, 166, 167, 171, 172, 174, 175, 176, 177, 178, 181, 184, 185, 186, 187, 188, 189, 190, 191, 192, 193, 194, 195, 199, 201, 202, 203, 206, 207, 212, 213, 215, 219, 220, 223, 224, 226, 227, 228, 229, 233, 236, 237, 240, 241, 243, 244, 245, 246, 247, 248, 250, 251, 254, 255, 257, 258, 260, 261, 262, 265, 266, 267, 268, 269, 272, 273, 274, 277, 291, 297, 298, 301, 305, 306, 309, 310, 311, 313, 316, 317, 318, 319, 322, 323, 325, 326, 327, 328, 330, 332, 333, 336, 337, 340, 353, 354, 358, 359, 360, 362, 363, 364, 366, 367, 369, 370, 371, 372, 374, 376, 378, 393, 394, 395, 405, 406, 407, 415, 416, 417, 418], "excluded_lines": [], "functions": {"WhaleTradeEvent.to_dict": {"executed_lines": [], "summary": {"covered_lines": 0, "num_statements": 1, "percent_covered": 0.0, "percent_covered_display": "0", "missing_lines": 1, "excluded_lines": 0, "percent_statements_covered": 0.0, "percent_statements_covered_display": "0"}, "missing_lines": [50], "excluded_lines": [], "start_line": 49}, "WhaleBiasUpdate.to_dict": {"executed_lines": [], "summary": {"covered_lines": 0, "num_statements": 1, "percent_covered": 0.0, "percent_covered_display": "0", "missing_lines": 1, "excluded_lines": 0, "percent_statements_covered": 0.0, "percent_statements_covered_display": "0"}, "missing_lines": [80], "excluded_lines": [], "start_line": 79}, "WhaleWebSocketDetector.__init__": {"executed_lines": [], "summary": {"covered_lines": 0, "num_statements": 8, "percent_covered": 0.0, "percent_covered_display": "0", "missing_lines": 8, "excluded_lines": 0, "percent_statements_covered": 0.0, "percent_statements_covered_display": "0"}, "missing_lines": [107, 108, 112, 121, 127, 128, 129, 132], "excluded_lines": [], "start_line": 102}, "WhaleWebSocketDetector.set_active_markets": {"executed_lines": [], "summary": {"covered_lines": 0, "num_statements": 2, "percent_covered": 0.0, "percent_covered_display": "0", "missing_lines": 2, "excluded_lines": 0, "percent_statements_covered": 0.0, "percent_statements_covered_display": "0"}, "missing_lines": [136, 137], "excluded_lines": [], "start_line": 134}, "WhaleWebSocketDetector.get_token_to_symbol": {"executed_lines": [], "summary": {"covered_lines": 0, "num_statements": 7, "percent_covered": 0.0, "percent_covered_display": "0", "missing_lines": 7, "excluded_lines": 0, "percent_statements_covered": 0.0, "percent_statements_covered_display": "0"}, "missing_lines": [141, 142, 143, 144, 145, 146, 147], "excluded_lines": [], "start_line": 139}, "WhaleWebSocketDetector.start": {"executed_lines": [], "summary": {"covered_lines": 0, "num_statements": 11, "percent_covered": 0.0, "percent_covered_display": "0", "missing_lines": 11, "excluded_lines": 0, "percent_statements_covered": 0.0, "percent_statements_covered_display": "0"}, "missing_lines": [151, 152, 153, 154, 155, 156, 157, 158, 159, 160, 161], "excluded_lines": [], "start_line": 149}, "WhaleWebSocketDetector.stop": {"executed_lines": [], "summary": {"covered_lines": 0, "num_statements": 3, "percent_covered": 0.0, "percent_covered_display": "0", "missing_lines": 3, "excluded_lines": 0, "percent_statements_covered": 0.0, "percent_statements_covered_display": "0"}, "missing_lines": [165, 166, 167], "excluded_lines": [], "start_line": 163}, "WhaleWebSocketDetector._connect_and_listen": {"executed_lines": [], "summary": {"covered_lines": 0, "num_statements": 20, "percent_covered": 0.0, "percent_covered_display": "0", "missing_lines": 20, "excluded_lines": 0, "percent_statements_covered": 0.0, "percent_statements_covered_display": "0"}, "missing_lines": [171, 172, 174, 175, 176, 177, 178, 181, 184, 185, 186, 187, 188, 189, 190, 191, 192, 193, 194, 195], "excluded_lines": [], "start_line": 169}, "WhaleWebSocketDetector._subscribe_to_markets": {"executed_lines": [], "summary": {"covered_lines": 0, "num_statements": 9, "percent_covered": 0.0, "percent_covered_display": "0", "missing_lines": 9, "excluded_lines": 0, "percent_statements_covered": 0.0, "percent_statements_covered_display": "0"}, "missing_lines": [199, 201, 202, 203, 206, 207, 212, 213, 215], "excluded_lines": [], "start_line": 197}, "WhaleWebSocketDetector._process_message": {"executed_lines": [], "summary": {"covered_lines": 0, "num_statements": 8, "percent_covered": 0.0, "percent_covered_display": "0", "missing_lines": 8, "excluded_lines": 0, "percent_statements_covered": 0.0, "percent_statements_covered_display": "0"}, "missing_lines": [219, 220, 223, 224, 226, 227, 228, 229], "excluded_lines": [], "start_line": 217}, "WhaleWebSocketDetector._handle_trade": {"executed_lines": [], "summary": {"covered_lines": 0, "num_statements": 33, "percent_covered": 0.0, "percent_covered_display": "0", "missing_lines": 33, "excluded_lines": 0, "percent_statements_covered": 0.0, "percent_statements_covered_display": "0"}, "missing_lines": [233, 236, 237, 240, 241, 243, 244, 245, 246, 247, 248, 250, 251, 254, 255, 257, 258, 260, 261, 262, 265, 266, 267, 268, 269, 272, 273, 274, 277, 291, 297, 298, 301], "excluded_lines": [], "start_line": 231}, "WhaleWebSocketDetector._update_position": {"executed_lines": [], "summary": {"covered_lines": 0, "num_statements": 24, "percent_covered": 0.0, "percent_covered_display": "0", "missing_lines": 24, "excluded_lines": 0, "percent_statements_covered": 0.0, "percent_statements_covered_display": "0"}, "missing_lines": [305, 306, 309, 310, 311, 313, 316, 317, 318, 319, 322, 323, 325, 326, 327, 328, 330, 332, 333, 336, 337, 340, 353, 354], "excluded_lines": [], "start_line": 303}, "WhaleWebSocketDetector.get_current_bias": {"executed_lines": [], "summary": {"covered_lines": 0, "num_statements": 15, "percent_covered": 0.0, "percent_covered_display": "0", "missing_lines": 15, "excluded_lines": 0, "percent_statements_covered": 0.0, "percent_statements_covered_display": "0"}, "missing_lines": [358, 359, 360, 362, 363, 364, 366, 367, 369, 370, 371, 372, 374, 376, 378], "excluded_lines": [], "start_line": 356}, "WhaleWebSocketDetector.clear_market": {"executed_lines": [], "summary": {"covered_lines": 0, "num_statements": 3, "percent_covered": 0.0, "percent_covered_display": "0", "missing_lines": 3, "excluded_lines": 0, "percent_statements_covered": 0.0, "percent_statements_covered_display": "0"}, "missing_lines": [393, 394, 395], "excluded_lines": [], "start_line": 391}, "get_whale_ws_detector": {"executed_lines": [], "summary": {"covered_lines": 0, "num_statements": 3, "percent_covered": 0.0, "percent_covered_display": "0", "missing_lines": 3, "excluded_lines": 0, "percent_statements_covered": 0.0, "percent_statements_covered_display": "0"}, "missing_lines": [405, 406, 407], "excluded_lines": [], "start_line": 402}, "start_whale_websocket": {"executed_lines": [], "summary": {"covered_lines": 0, "num_statements": 4, "percent_covered": 0.0, "percent_covered_display": "0", "missing_lines": 4, "excluded_lines": 0, "percent_statements_covered": 0.0, "percent_statements_covered_display": "0"}, "missing_lines": [415, 416, 417, 418], "excluded_lines": [], "start_line": 410}, "": {"executed_lines": [10, 11, 12, 13, 14, 15, 16, 17, 19, 21, 27, 28, 31, 34, 35, 37, 38, 39, 40, 41, 42, 43, 44, 45, 46, 47, 49, 65, 66, 68, 69, 70, 71, 72, 73, 74, 75, 76, 77, 79, 94, 102, 134, 139, 149, 163, 169, 197, 217, 231, 303, 356, 391, 399, 402, 410], "summary": {"covered_lines": 56, "num_statements": 56, "percent_covered": 100.0, "percent_covered_display": "100", "missing_lines": 0, "excluded_lines": 0, "percent_statements_covered": 100.0, "percent_statements_covered_display": "100"}, "missing_lines": [], "excluded_lines": [], "start_line": 1}}, "classes": {"WhaleTradeEvent": {"executed_lines": [], "summary": {"covered_lines": 0, "num_statements": 1, "percent_covered": 0.0, "percent_covered_display": "0", "missing_lines": 1, "excluded_lines": 0, "percent_statements_covered": 0.0, "percent_statements_covered_display": "0"}, "missing_lines": [50], "excluded_lines": [], "start_line": 35}, "WhaleBiasUpdate": {"executed_lines": [], "summary": {"covered_lines": 0, "num_statements": 1, "percent_covered": 0.0, "percent_covered_display": "0", "missing_lines": 1, "excluded_lines": 0, "percent_statements_covered": 0.0, "percent_statements_covered_display": "0"}, "missing_lines": [80], "excluded_lines": [], "start_line": 66}, "WhaleWebSocketDetector": {"executed_lines": [], "summary": {"covered_lines": 0, "num_statements": 143, "percent_covered": 0.0, "percent_covered_display": "0", "missing_lines": 143, "excluded_lines": 0, "percent_statements_covered": 0.0, "percent_statements_covered_display": "0"}, "missing_lines": [107, 108, 112, 121, 127, 128, 129, 132, 136, 137, 141, 142, 143, 144, 145, 146, 147, 151, 152, 153, 154, 155, 156, 157, 158, 159, 160, 161, 165, 166, 167, 171, 172, 174, 175, 176, 177, 178, 181, 184, 185, 186, 187, 188, 189, 190, 191, 192, 193, 194, 195, 199, 201, 202, 203, 206, 207, 212, 213, 215, 219, 220, 223, 224, 226, 227, 228, 229, 233, 236, 237, 240, 241, 243, 244, 245, 246, 247, 248, 250, 251, 254, 255, 257, 258, 260, 261, 262, 265, 266, 267, 268, 269, 272, 273, 274, 277, 291, 297, 298, 301, 305, 306, 309, 310, 311, 313, 316, 317, 318, 319, 322, 323, 325, 326, 327, 328, 330, 332, 333, 336, 337, 340, 353, 354, 358, 359, 360, 362, 363, 364, 366, 367, 369, 370, 371, 372, 374, 376, 378, 393, 394, 395], "excluded_lines": [], "start_line": 94}, "": {"executed_lines": [10, 11, 12, 13, 14, 15, 16, 17, 19, 21, 27, 28, 31, 34, 35, 37, 38, 39, 40, 41, 42, 43, 44, 45, 46, 47, 49, 65, 66, 68, 69, 70, 71, 72, 73, 74, 75, 76, 77, 79, 94, 102, 134, 139, 149, 163, 169, 197, 217, 231, 303, 356, 391, 399, 402, 410], "summary": {"covered_lines": 56, "num_statements": 63, "percent_covered": 88.88888888888889, "percent_covered_display": "89", "missing_lines": 7, "excluded_lines": 0, "percent_statements_covered": 88.88888888888889, "percent_statements_covered_display": "89"}, "missing_lines": [405, 406, 407, 415, 416, 417, 418], "excluded_lines": [], "start_line": 1}}}}, "totals": {"covered_lines": 2677, "num_statements": 5746, "percent_covered": 46.58893143056039, "percent_covered_display": "47", "missing_lines": 3069, "excluded_lines": 4, "percent_statements_covered": 46.58893143056039, "percent_statements_covered_display": "47"}}